{"C:\\Portfolio\\111 to 1\\server\\src\\server.js": {"path":"C:\\Portfolio\\111 to 1\\server\\src\\server.js","statementMap":{"0":{"start":{"line":1,"column":16},"end":{"line":1,"column":34}},"1":{"start":{"line":2,"column":13},"end":{"line":2,"column":28}},"2":{"start":{"line":3,"column":19},"end":{"line":3,"column":39}},"3":{"start":{"line":4,"column":15},"end":{"line":4,"column":41}},"4":{"start":{"line":5,"column":15},"end":{"line":5,"column":40}},"5":{"start":{"line":6,"column":44},"end":{"line":6,"column":77}},"6":{"start":{"line":7,"column":20},"end":{"line":7,"column":56}},"7":{"start":{"line":8,"column":62},"end":{"line":8,"column":99}},"8":{"start":{"line":9,"column":23},"end":{"line":9,"column":63}},"9":{"start":{"line":10,"column":20},"end":{"line":10,"column":54}},"10":{"start":{"line":12,"column":12},"end":{"line":12,"column":21}},"11":{"start":{"line":13,"column":15},"end":{"line":13,"column":37}},"12":{"start":{"line":15,"column":11},"end":{"line":20,"column":2}},"13":{"start":{"line":22,"column":0},"end":{"line":22,"column":25}},"14":{"start":{"line":23,"column":0},"end":{"line":23,"column":21}},"15":{"start":{"line":24,"column":0},"end":{"line":24,"column":24}},"16":{"start":{"line":25,"column":0},"end":{"line":25,"column":48}},"17":{"start":{"line":27,"column":0},"end":{"line":37,"column":3}},"18":{"start":{"line":28,"column":16},"end":{"line":28,"column":38}},"19":{"start":{"line":29,"column":2},"end":{"line":36,"column":5}},"20":{"start":{"line":39,"column":0},"end":{"line":53,"column":3}},"21":{"start":{"line":40,"column":2},"end":{"line":52,"column":3}},"22":{"start":{"line":41,"column":18},"end":{"line":41,"column":40}},"23":{"start":{"line":42,"column":4},"end":{"line":45,"column":7}},"24":{"start":{"line":47,"column":4},"end":{"line":47,"column":66}},"25":{"start":{"line":48,"column":4},"end":{"line":51,"column":7}},"26":{"start":{"line":55,"column":0},"end":{"line":55,"column":25}},"27":{"start":{"line":56,"column":0},"end":{"line":56,"column":22}},"28":{"start":{"line":58,"column":0},"end":{"line":58,"column":23}},"29":{"start":{"line":60,"column":0},"end":{"line":122,"column":3}},"30":{"start":{"line":61,"column":13},"end":{"line":61,"column":84}},"31":{"start":{"line":63,"column":2},"end":{"line":67,"column":5}},"32":{"start":{"line":69,"column":2},"end":{"line":71,"column":5}},"33":{"start":{"line":70,"column":4},"end":{"line":70,"column":44}},"34":{"start":{"line":73,"column":2},"end":{"line":75,"column":5}},"35":{"start":{"line":74,"column":4},"end":{"line":74,"column":46}},"36":{"start":{"line":77,"column":2},"end":{"line":79,"column":5}},"37":{"start":{"line":78,"column":4},"end":{"line":78,"column":45}},"38":{"start":{"line":81,"column":2},"end":{"line":83,"column":5}},"39":{"start":{"line":82,"column":4},"end":{"line":82,"column":50}},"40":{"start":{"line":85,"column":2},"end":{"line":87,"column":5}},"41":{"start":{"line":86,"column":4},"end":{"line":86,"column":48}},"42":{"start":{"line":89,"column":2},"end":{"line":91,"column":5}},"43":{"start":{"line":90,"column":4},"end":{"line":90,"column":48}},"44":{"start":{"line":93,"column":2},"end":{"line":95,"column":5}},"45":{"start":{"line":94,"column":4},"end":{"line":94,"column":49}},"46":{"start":{"line":97,"column":2},"end":{"line":99,"column":5}},"47":{"start":{"line":98,"column":4},"end":{"line":98,"column":47}},"48":{"start":{"line":101,"column":2},"end":{"line":103,"column":5}},"49":{"start":{"line":102,"column":4},"end":{"line":102,"column":49}},"50":{"start":{"line":105,"column":2},"end":{"line":107,"column":5}},"51":{"start":{"line":106,"column":4},"end":{"line":106,"column":49}},"52":{"start":{"line":109,"column":2},"end":{"line":111,"column":5}},"53":{"start":{"line":110,"column":4},"end":{"line":110,"column":49}},"54":{"start":{"line":113,"column":2},"end":{"line":119,"column":5}},"55":{"start":{"line":114,"column":4},"end":{"line":118,"column":7}},"56":{"start":{"line":121,"column":2},"end":{"line":121,"column":49}},"57":{"start":{"line":124,"column":13},"end":{"line":124,"column":24}},"58":{"start":{"line":126,"column":0},"end":{"line":141,"column":3}},"59":{"start":{"line":127,"column":2},"end":{"line":131,"column":5}},"60":{"start":{"line":133,"column":2},"end":{"line":133,"column":37}},"61":{"start":{"line":135,"column":2},"end":{"line":140,"column":21}},"62":{"start":{"line":136,"column":20},"end":{"line":136,"column":54}},"63":{"start":{"line":137,"column":4},"end":{"line":139,"column":5}},"64":{"start":{"line":138,"column":6},"end":{"line":138,"column":75}},"65":{"start":{"line":143,"column":25},"end":{"line":161,"column":1}},"66":{"start":{"line":144,"column":2},"end":{"line":144,"column":67}},"67":{"start":{"line":146,"column":2},"end":{"line":160,"column":5}},"68":{"start":{"line":147,"column":4},"end":{"line":147,"column":38}},"69":{"start":{"line":149,"column":4},"end":{"line":154,"column":7}},"70":{"start":{"line":150,"column":6},"end":{"line":150,"column":45}},"71":{"start":{"line":151,"column":6},"end":{"line":151,"column":39}},"72":{"start":{"line":152,"column":6},"end":{"line":152,"column":44}},"73":{"start":{"line":153,"column":6},"end":{"line":153,"column":22}},"74":{"start":{"line":156,"column":4},"end":{"line":159,"column":14}},"75":{"start":{"line":157,"column":6},"end":{"line":157,"column":52}},"76":{"start":{"line":158,"column":6},"end":{"line":158,"column":22}},"77":{"start":{"line":163,"column":0},"end":{"line":163,"column":57}},"78":{"start":{"line":163,"column":28},"end":{"line":163,"column":55}},"79":{"start":{"line":164,"column":0},"end":{"line":164,"column":55}},"80":{"start":{"line":164,"column":27},"end":{"line":164,"column":53}},"81":{"start":{"line":166,"column":0},"end":{"line":172,"column":3}},"82":{"start":{"line":167,"column":2},"end":{"line":170,"column":5}},"83":{"start":{"line":171,"column":2},"end":{"line":171,"column":18}},"84":{"start":{"line":174,"column":0},"end":{"line":179,"column":3}},"85":{"start":{"line":175,"column":2},"end":{"line":178,"column":5}},"86":{"start":{"line":181,"column":0},"end":{"line":181,"column":37}}},"fnMap":{"0":{"name":"(anonymous_0)","decl":{"start":{"line":27,"column":19},"end":{"line":27,"column":20}},"loc":{"start":{"line":27,"column":33},"end":{"line":37,"column":1}},"line":27},"1":{"name":"(anonymous_1)","decl":{"start":{"line":39,"column":22},"end":{"line":39,"column":23}},"loc":{"start":{"line":39,"column":36},"end":{"line":53,"column":1}},"line":39},"2":{"name":"(anonymous_2)","decl":{"start":{"line":60,"column":20},"end":{"line":60,"column":21}},"loc":{"start":{"line":60,"column":32},"end":{"line":122,"column":1}},"line":60},"3":{"name":"(anonymous_3)","decl":{"start":{"line":69,"column":27},"end":{"line":69,"column":28}},"loc":{"start":{"line":69,"column":37},"end":{"line":71,"column":3}},"line":69},"4":{"name":"(anonymous_4)","decl":{"start":{"line":73,"column":25},"end":{"line":73,"column":26}},"loc":{"start":{"line":73,"column":35},"end":{"line":75,"column":3}},"line":73},"5":{"name":"(anonymous_5)","decl":{"start":{"line":77,"column":24},"end":{"line":77,"column":25}},"loc":{"start":{"line":77,"column":34},"end":{"line":79,"column":3}},"line":77},"6":{"name":"(anonymous_6)","decl":{"start":{"line":81,"column":29},"end":{"line":81,"column":30}},"loc":{"start":{"line":81,"column":39},"end":{"line":83,"column":3}},"line":81},"7":{"name":"(anonymous_7)","decl":{"start":{"line":85,"column":27},"end":{"line":85,"column":28}},"loc":{"start":{"line":85,"column":37},"end":{"line":87,"column":3}},"line":85},"8":{"name":"(anonymous_8)","decl":{"start":{"line":89,"column":27},"end":{"line":89,"column":28}},"loc":{"start":{"line":89,"column":37},"end":{"line":91,"column":3}},"line":89},"9":{"name":"(anonymous_9)","decl":{"start":{"line":93,"column":28},"end":{"line":93,"column":29}},"loc":{"start":{"line":93,"column":38},"end":{"line":95,"column":3}},"line":93},"10":{"name":"(anonymous_10)","decl":{"start":{"line":97,"column":26},"end":{"line":97,"column":27}},"loc":{"start":{"line":97,"column":36},"end":{"line":99,"column":3}},"line":97},"11":{"name":"(anonymous_11)","decl":{"start":{"line":101,"column":28},"end":{"line":101,"column":29}},"loc":{"start":{"line":101,"column":38},"end":{"line":103,"column":3}},"line":101},"12":{"name":"(anonymous_12)","decl":{"start":{"line":105,"column":28},"end":{"line":105,"column":29}},"loc":{"start":{"line":105,"column":38},"end":{"line":107,"column":3}},"line":105},"13":{"name":"(anonymous_13)","decl":{"start":{"line":109,"column":28},"end":{"line":109,"column":29}},"loc":{"start":{"line":109,"column":38},"end":{"line":111,"column":3}},"line":109},"14":{"name":"(anonymous_14)","decl":{"start":{"line":113,"column":26},"end":{"line":113,"column":27}},"loc":{"start":{"line":113,"column":38},"end":{"line":119,"column":3}},"line":113},"15":{"name":"(anonymous_15)","decl":{"start":{"line":126,"column":20},"end":{"line":126,"column":21}},"loc":{"start":{"line":126,"column":26},"end":{"line":141,"column":1}},"line":126},"16":{"name":"(anonymous_16)","decl":{"start":{"line":135,"column":14},"end":{"line":135,"column":15}},"loc":{"start":{"line":135,"column":20},"end":{"line":140,"column":3}},"line":135},"17":{"name":"(anonymous_17)","decl":{"start":{"line":143,"column":25},"end":{"line":143,"column":26}},"loc":{"start":{"line":143,"column":37},"end":{"line":161,"column":1}},"line":143},"18":{"name":"(anonymous_18)","decl":{"start":{"line":146,"column":15},"end":{"line":146,"column":16}},"loc":{"start":{"line":146,"column":21},"end":{"line":160,"column":3}},"line":146},"19":{"name":"(anonymous_19)","decl":{"start":{"line":149,"column":13},"end":{"line":149,"column":14}},"loc":{"start":{"line":149,"column":19},"end":{"line":154,"column":5}},"line":149},"20":{"name":"(anonymous_20)","decl":{"start":{"line":156,"column":15},"end":{"line":156,"column":16}},"loc":{"start":{"line":156,"column":21},"end":{"line":159,"column":5}},"line":156},"21":{"name":"(anonymous_21)","decl":{"start":{"line":163,"column":22},"end":{"line":163,"column":23}},"loc":{"start":{"line":163,"column":28},"end":{"line":163,"column":55}},"line":163},"22":{"name":"(anonymous_22)","decl":{"start":{"line":164,"column":21},"end":{"line":164,"column":22}},"loc":{"start":{"line":164,"column":27},"end":{"line":164,"column":53}},"line":164},"23":{"name":"(anonymous_23)","decl":{"start":{"line":166,"column":32},"end":{"line":166,"column":33}},"loc":{"start":{"line":166,"column":43},"end":{"line":172,"column":1}},"line":166},"24":{"name":"(anonymous_24)","decl":{"start":{"line":174,"column":33},"end":{"line":174,"column":34}},"loc":{"start":{"line":174,"column":54},"end":{"line":179,"column":1}},"line":174}},"branchMap":{"0":{"loc":{"start":{"line":61,"column":13},"end":{"line":61,"column":84}},"type":"binary-expr","locations":[{"start":{"line":61,"column":13},"end":{"line":61,"column":56}},{"start":{"line":61,"column":60},"end":{"line":61,"column":84}}],"line":61},"1":{"loc":{"start":{"line":137,"column":4},"end":{"line":139,"column":5}},"type":"if","locations":[{"start":{"line":137,"column":4},"end":{"line":139,"column":5}},{"start":{},"end":{}}],"line":137}},"s":{"0":0,"1":0,"2":0,"3":0,"4":0,"5":0,"6":0,"7":0,"8":0,"9":0,"10":0,"11":0,"12":0,"13":0,"14":0,"15":0,"16":0,"17":0,"18":0,"19":0,"20":0,"21":0,"22":0,"23":0,"24":0,"25":0,"26":0,"27":0,"28":0,"29":0,"30":0,"31":0,"32":0,"33":0,"34":0,"35":0,"36":0,"37":0,"38":0,"39":0,"40":0,"41":0,"42":0,"43":0,"44":0,"45":0,"46":0,"47":0,"48":0,"49":0,"50":0,"51":0,"52":0,"53":0,"54":0,"55":0,"56":0,"57":0,"58":0,"59":0,"60":0,"61":0,"62":0,"63":0,"64":0,"65":0,"66":0,"67":0,"68":0,"69":0,"70":0,"71":0,"72":0,"73":0,"74":0,"75":0,"76":0,"77":0,"78":0,"79":0,"80":0,"81":0,"82":0,"83":0,"84":0,"85":0,"86":0},"f":{"0":0,"1":0,"2":0,"3":0,"4":0,"5":0,"6":0,"7":0,"8":0,"9":0,"10":0,"11":0,"12":0,"13":0,"14":0,"15":0,"16":0,"17":0,"18":0,"19":0,"20":0,"21":0,"22":0,"23":0,"24":0},"b":{"0":[0,0],"1":[0,0]}}
,"C:\\Portfolio\\111 to 1\\server\\src\\config\\config.js": {"path":"C:\\Portfolio\\111 to 1\\server\\src\\config\\config.js","statementMap":{"0":{"start":{"line":1,"column":0},"end":{"line":1,"column":27}},"1":{"start":{"line":2,"column":12},"end":{"line":2,"column":26}},"2":{"start":{"line":3,"column":15},"end":{"line":3,"column":41}},"3":{"start":{"line":5,"column":18},"end":{"line":17,"column":12}},"4":{"start":{"line":19,"column":34},"end":{"line":19,"column":65}},"5":{"start":{"line":21,"column":0},"end":{"line":23,"column":1}},"6":{"start":{"line":22,"column":2},"end":{"line":22,"column":63}},"7":{"start":{"line":25,"column":15},"end":{"line":42,"column":1}},"8":{"start":{"line":44,"column":0},"end":{"line":49,"column":3}},"9":{"start":{"line":51,"column":0},"end":{"line":51,"column":24}}},"fnMap":{},"branchMap":{"0":{"loc":{"start":{"line":21,"column":0},"end":{"line":23,"column":1}},"type":"if","locations":[{"start":{"line":21,"column":0},"end":{"line":23,"column":1}},{"start":{},"end":{}}],"line":21}},"s":{"0":13,"1":13,"2":13,"3":13,"4":13,"5":13,"6":13,"7":0,"8":0,"9":0},"f":{},"b":{"0":[13,0]},"_coverageSchema":"1a1c01bbd47fc00a2c39e90264f33305004495a9","hash":"f906af5b4b19b9073c6a2f2c0f4e9c39f43203ab"}
,"C:\\Portfolio\\111 to 1\\server\\src\\controllers\\room.controller.js": {"path":"C:\\Portfolio\\111 to 1\\server\\src\\controllers\\room.controller.js","statementMap":{"0":{"start":{"line":1,"column":20},"end":{"line":1,"column":55}},"1":{"start":{"line":2,"column":23},"end":{"line":2,"column":62}},"2":{"start":{"line":3,"column":15},"end":{"line":3,"column":41}},"3":{"start":{"line":7,"column":4},"end":{"line":23,"column":5}},"4":{"start":{"line":8,"column":25},"end":{"line":8,"column":70}},"5":{"start":{"line":9,"column":6},"end":{"line":12,"column":7}},"6":{"start":{"line":10,"column":8},"end":{"line":10,"column":62}},"7":{"start":{"line":11,"column":8},"end":{"line":11,"column":15}},"8":{"start":{"line":14,"column":19},"end":{"line":14,"column":65}},"9":{"start":{"line":15,"column":6},"end":{"line":15,"column":27}},"10":{"start":{"line":17,"column":6},"end":{"line":17,"column":61}},"11":{"start":{"line":18,"column":6},"end":{"line":18,"column":89}},"12":{"start":{"line":21,"column":6},"end":{"line":21,"column":89}},"13":{"start":{"line":22,"column":6},"end":{"line":22,"column":65}},"14":{"start":{"line":27,"column":4},"end":{"line":59,"column":5}},"15":{"start":{"line":28,"column":25},"end":{"line":28,"column":74}},"16":{"start":{"line":29,"column":6},"end":{"line":32,"column":7}},"17":{"start":{"line":30,"column":8},"end":{"line":30,"column":62}},"18":{"start":{"line":31,"column":8},"end":{"line":31,"column":15}},"19":{"start":{"line":34,"column":55},"end":{"line":34,"column":70}},"20":{"start":{"line":35,"column":19},"end":{"line":35,"column":51}},"21":{"start":{"line":37,"column":6},"end":{"line":41,"column":7}},"22":{"start":{"line":38,"column":8},"end":{"line":38,"column":64}},"23":{"start":{"line":39,"column":8},"end":{"line":39,"column":84}},"24":{"start":{"line":40,"column":8},"end":{"line":40,"column":15}},"25":{"start":{"line":43,"column":6},"end":{"line":43,"column":31}},"26":{"start":{"line":45,"column":6},"end":{"line":51,"column":7}},"27":{"start":{"line":46,"column":25},"end":{"line":46,"column":34}},"28":{"start":{"line":47,"column":8},"end":{"line":47,"column":64}},"29":{"start":{"line":48,"column":8},"end":{"line":48,"column":70}},"30":{"start":{"line":50,"column":8},"end":{"line":50,"column":60}},"31":{"start":{"line":53,"column":6},"end":{"line":53,"column":52}},"32":{"start":{"line":54,"column":6},"end":{"line":54,"column":103}},"33":{"start":{"line":57,"column":6},"end":{"line":57,"column":88}},"34":{"start":{"line":58,"column":6},"end":{"line":58,"column":63}},"35":{"start":{"line":63,"column":4},"end":{"line":85,"column":5}},"36":{"start":{"line":64,"column":25},"end":{"line":64,"column":73}},"37":{"start":{"line":65,"column":6},"end":{"line":68,"column":7}},"38":{"start":{"line":66,"column":8},"end":{"line":66,"column":62}},"39":{"start":{"line":67,"column":8},"end":{"line":67,"column":15}},"40":{"start":{"line":70,"column":19},"end":{"line":70,"column":62}},"41":{"start":{"line":71,"column":6},"end":{"line":71,"column":24}},"42":{"start":{"line":71,"column":17},"end":{"line":71,"column":24}},"43":{"start":{"line":73,"column":21},"end":{"line":73,"column":63}},"44":{"start":{"line":73,"column":44},"end":{"line":73,"column":62}},"45":{"start":{"line":74,"column":6},"end":{"line":77,"column":7}},"46":{"start":{"line":75,"column":8},"end":{"line":75,"column":43}},"47":{"start":{"line":76,"column":8},"end":{"line":76,"column":82}},"48":{"start":{"line":79,"column":6},"end":{"line":79,"column":63}},"49":{"start":{"line":80,"column":6},"end":{"line":80,"column":126}},"50":{"start":{"line":83,"column":6},"end":{"line":83,"column":88}},"51":{"start":{"line":84,"column":6},"end":{"line":84,"column":62}},"52":{"start":{"line":89,"column":4},"end":{"line":113,"column":5}},"53":{"start":{"line":90,"column":25},"end":{"line":90,"column":85}},"54":{"start":{"line":91,"column":6},"end":{"line":94,"column":7}},"55":{"start":{"line":92,"column":8},"end":{"line":92,"column":62}},"56":{"start":{"line":93,"column":8},"end":{"line":93,"column":15}},"57":{"start":{"line":96,"column":20},"end":{"line":96,"column":97}},"58":{"start":{"line":97,"column":6},"end":{"line":97,"column":25}},"59":{"start":{"line":97,"column":18},"end":{"line":97,"column":25}},"60":{"start":{"line":99,"column":19},"end":{"line":99,"column":62}},"61":{"start":{"line":101,"column":6},"end":{"line":105,"column":9}},"62":{"start":{"line":107,"column":6},"end":{"line":107,"column":63}},"63":{"start":{"line":108,"column":6},"end":{"line":108,"column":115}},"64":{"start":{"line":111,"column":6},"end":{"line":111,"column":92}},"65":{"start":{"line":112,"column":6},"end":{"line":112,"column":67}},"66":{"start":{"line":117,"column":4},"end":{"line":136,"column":5}},"67":{"start":{"line":118,"column":25},"end":{"line":118,"column":70}},"68":{"start":{"line":119,"column":6},"end":{"line":122,"column":7}},"69":{"start":{"line":120,"column":8},"end":{"line":120,"column":62}},"70":{"start":{"line":121,"column":8},"end":{"line":121,"column":15}},"71":{"start":{"line":124,"column":23},"end":{"line":124,"column":69}},"72":{"start":{"line":125,"column":6},"end":{"line":125,"column":36}},"73":{"start":{"line":125,"column":29},"end":{"line":125,"column":36}},"74":{"start":{"line":127,"column":19},"end":{"line":127,"column":62}},"75":{"start":{"line":129,"column":6},"end":{"line":129,"column":72}},"76":{"start":{"line":130,"column":6},"end":{"line":130,"column":63}},"77":{"start":{"line":131,"column":6},"end":{"line":131,"column":81}},"78":{"start":{"line":134,"column":6},"end":{"line":134,"column":90}},"79":{"start":{"line":135,"column":6},"end":{"line":135,"column":65}},"80":{"start":{"line":140,"column":4},"end":{"line":159,"column":5}},"81":{"start":{"line":141,"column":25},"end":{"line":141,"column":70}},"82":{"start":{"line":142,"column":6},"end":{"line":145,"column":7}},"83":{"start":{"line":143,"column":8},"end":{"line":143,"column":62}},"84":{"start":{"line":144,"column":8},"end":{"line":144,"column":15}},"85":{"start":{"line":147,"column":25},"end":{"line":147,"column":71}},"86":{"start":{"line":148,"column":6},"end":{"line":148,"column":38}},"87":{"start":{"line":148,"column":31},"end":{"line":148,"column":38}},"88":{"start":{"line":150,"column":19},"end":{"line":150,"column":62}},"89":{"start":{"line":152,"column":6},"end":{"line":152,"column":74}},"90":{"start":{"line":153,"column":6},"end":{"line":153,"column":63}},"91":{"start":{"line":154,"column":6},"end":{"line":154,"column":98}},"92":{"start":{"line":157,"column":6},"end":{"line":157,"column":90}},"93":{"start":{"line":158,"column":6},"end":{"line":158,"column":65}},"94":{"start":{"line":163,"column":4},"end":{"line":185,"column":5}},"95":{"start":{"line":164,"column":25},"end":{"line":164,"column":85}},"96":{"start":{"line":165,"column":6},"end":{"line":168,"column":7}},"97":{"start":{"line":166,"column":8},"end":{"line":166,"column":62}},"98":{"start":{"line":167,"column":8},"end":{"line":167,"column":15}},"99":{"start":{"line":170,"column":20},"end":{"line":170,"column":113}},"100":{"start":{"line":171,"column":6},"end":{"line":171,"column":25}},"101":{"start":{"line":171,"column":18},"end":{"line":171,"column":25}},"102":{"start":{"line":173,"column":19},"end":{"line":173,"column":62}},"103":{"start":{"line":175,"column":6},"end":{"line":178,"column":9}},"104":{"start":{"line":179,"column":6},"end":{"line":179,"column":63}},"105":{"start":{"line":180,"column":6},"end":{"line":180,"column":132}},"106":{"start":{"line":183,"column":6},"end":{"line":183,"column":91}},"107":{"start":{"line":184,"column":6},"end":{"line":184,"column":66}},"108":{"start":{"line":189,"column":4},"end":{"line":206,"column":5}},"109":{"start":{"line":190,"column":25},"end":{"line":190,"column":80}},"110":{"start":{"line":191,"column":6},"end":{"line":194,"column":7}},"111":{"start":{"line":192,"column":8},"end":{"line":192,"column":62}},"112":{"start":{"line":193,"column":8},"end":{"line":193,"column":15}},"113":{"start":{"line":196,"column":19},"end":{"line":196,"column":91}},"114":{"start":{"line":197,"column":6},"end":{"line":197,"column":24}},"115":{"start":{"line":197,"column":17},"end":{"line":197,"column":24}},"116":{"start":{"line":199,"column":6},"end":{"line":199,"column":84}},"117":{"start":{"line":200,"column":6},"end":{"line":200,"column":63}},"118":{"start":{"line":201,"column":6},"end":{"line":201,"column":113}},"119":{"start":{"line":204,"column":6},"end":{"line":204,"column":89}},"120":{"start":{"line":205,"column":6},"end":{"line":205,"column":64}},"121":{"start":{"line":210,"column":4},"end":{"line":229,"column":5}},"122":{"start":{"line":211,"column":25},"end":{"line":211,"column":88}},"123":{"start":{"line":212,"column":6},"end":{"line":215,"column":7}},"124":{"start":{"line":213,"column":8},"end":{"line":213,"column":62}},"125":{"start":{"line":214,"column":8},"end":{"line":214,"column":15}},"126":{"start":{"line":217,"column":21},"end":{"line":217,"column":90}},"127":{"start":{"line":218,"column":6},"end":{"line":218,"column":26}},"128":{"start":{"line":218,"column":19},"end":{"line":218,"column":26}},"129":{"start":{"line":220,"column":19},"end":{"line":220,"column":62}},"130":{"start":{"line":222,"column":6},"end":{"line":222,"column":86}},"131":{"start":{"line":223,"column":6},"end":{"line":223,"column":63}},"132":{"start":{"line":224,"column":6},"end":{"line":224,"column":123}},"133":{"start":{"line":227,"column":6},"end":{"line":227,"column":91}},"134":{"start":{"line":228,"column":6},"end":{"line":228,"column":66}},"135":{"start":{"line":233,"column":4},"end":{"line":250,"column":5}},"136":{"start":{"line":234,"column":25},"end":{"line":234,"column":71}},"137":{"start":{"line":235,"column":6},"end":{"line":238,"column":7}},"138":{"start":{"line":236,"column":8},"end":{"line":236,"column":62}},"139":{"start":{"line":237,"column":8},"end":{"line":237,"column":15}},"140":{"start":{"line":240,"column":19},"end":{"line":240,"column":66}},"141":{"start":{"line":241,"column":6},"end":{"line":241,"column":24}},"142":{"start":{"line":241,"column":17},"end":{"line":241,"column":24}},"143":{"start":{"line":243,"column":6},"end":{"line":243,"column":57}},"144":{"start":{"line":244,"column":6},"end":{"line":244,"column":63}},"145":{"start":{"line":245,"column":6},"end":{"line":245,"column":70}},"146":{"start":{"line":248,"column":6},"end":{"line":248,"column":92}},"147":{"start":{"line":249,"column":6},"end":{"line":249,"column":66}},"148":{"start":{"line":254,"column":4},"end":{"line":267,"column":5}},"149":{"start":{"line":255,"column":25},"end":{"line":255,"column":80}},"150":{"start":{"line":256,"column":6},"end":{"line":259,"column":7}},"151":{"start":{"line":257,"column":8},"end":{"line":257,"column":62}},"152":{"start":{"line":258,"column":8},"end":{"line":258,"column":15}},"153":{"start":{"line":261,"column":6},"end":{"line":261,"column":96}},"154":{"start":{"line":262,"column":6},"end":{"line":262,"column":105}},"155":{"start":{"line":265,"column":6},"end":{"line":265,"column":90}},"156":{"start":{"line":266,"column":6},"end":{"line":266,"column":66}},"157":{"start":{"line":271,"column":0},"end":{"line":271,"column":38}}},"fnMap":{"0":{"name":"(anonymous_0)","decl":{"start":{"line":6,"column":2},"end":{"line":6,"column":3}},"loc":{"start":{"line":6,"column":33},"end":{"line":24,"column":3}},"line":6},"1":{"name":"(anonymous_1)","decl":{"start":{"line":26,"column":2},"end":{"line":26,"column":3}},"loc":{"start":{"line":26,"column":41},"end":{"line":60,"column":3}},"line":26},"2":{"name":"(anonymous_2)","decl":{"start":{"line":62,"column":2},"end":{"line":62,"column":3}},"loc":{"start":{"line":62,"column":40},"end":{"line":86,"column":3}},"line":62},"3":{"name":"(anonymous_3)","decl":{"start":{"line":73,"column":39},"end":{"line":73,"column":40}},"loc":{"start":{"line":73,"column":44},"end":{"line":73,"column":62}},"line":73},"4":{"name":"(anonymous_4)","decl":{"start":{"line":88,"column":2},"end":{"line":88,"column":3}},"loc":{"start":{"line":88,"column":52},"end":{"line":114,"column":3}},"line":88},"5":{"name":"(anonymous_5)","decl":{"start":{"line":116,"column":2},"end":{"line":116,"column":3}},"loc":{"start":{"line":116,"column":37},"end":{"line":137,"column":3}},"line":116},"6":{"name":"(anonymous_6)","decl":{"start":{"line":139,"column":2},"end":{"line":139,"column":3}},"loc":{"start":{"line":139,"column":37},"end":{"line":160,"column":3}},"line":139},"7":{"name":"(anonymous_7)","decl":{"start":{"line":162,"column":2},"end":{"line":162,"column":3}},"loc":{"start":{"line":162,"column":52},"end":{"line":186,"column":3}},"line":162},"8":{"name":"(anonymous_8)","decl":{"start":{"line":188,"column":2},"end":{"line":188,"column":3}},"loc":{"start":{"line":188,"column":47},"end":{"line":207,"column":3}},"line":188},"9":{"name":"(anonymous_9)","decl":{"start":{"line":209,"column":2},"end":{"line":209,"column":3}},"loc":{"start":{"line":209,"column":55},"end":{"line":230,"column":3}},"line":209},"10":{"name":"(anonymous_10)","decl":{"start":{"line":232,"column":2},"end":{"line":232,"column":3}},"loc":{"start":{"line":232,"column":38},"end":{"line":251,"column":3}},"line":232},"11":{"name":"(anonymous_11)","decl":{"start":{"line":253,"column":2},"end":{"line":253,"column":3}},"loc":{"start":{"line":253,"column":47},"end":{"line":268,"column":3}},"line":253}},"branchMap":{"0":{"loc":{"start":{"line":9,"column":6},"end":{"line":12,"column":7}},"type":"if","locations":[{"start":{"line":9,"column":6},"end":{"line":12,"column":7}},{"start":{},"end":{}}],"line":9},"1":{"loc":{"start":{"line":29,"column":6},"end":{"line":32,"column":7}},"type":"if","locations":[{"start":{"line":29,"column":6},"end":{"line":32,"column":7}},{"start":{},"end":{}}],"line":29},"2":{"loc":{"start":{"line":37,"column":6},"end":{"line":41,"column":7}},"type":"if","locations":[{"start":{"line":37,"column":6},"end":{"line":41,"column":7}},{"start":{},"end":{}}],"line":37},"3":{"loc":{"start":{"line":45,"column":6},"end":{"line":51,"column":7}},"type":"if","locations":[{"start":{"line":45,"column":6},"end":{"line":51,"column":7}},{"start":{"line":49,"column":13},"end":{"line":51,"column":7}}],"line":45},"4":{"loc":{"start":{"line":65,"column":6},"end":{"line":68,"column":7}},"type":"if","locations":[{"start":{"line":65,"column":6},"end":{"line":68,"column":7}},{"start":{},"end":{}}],"line":65},"5":{"loc":{"start":{"line":71,"column":6},"end":{"line":71,"column":24}},"type":"if","locations":[{"start":{"line":71,"column":6},"end":{"line":71,"column":24}},{"start":{},"end":{}}],"line":71},"6":{"loc":{"start":{"line":74,"column":6},"end":{"line":77,"column":7}},"type":"if","locations":[{"start":{"line":74,"column":6},"end":{"line":77,"column":7}},{"start":{},"end":{}}],"line":74},"7":{"loc":{"start":{"line":91,"column":6},"end":{"line":94,"column":7}},"type":"if","locations":[{"start":{"line":91,"column":6},"end":{"line":94,"column":7}},{"start":{},"end":{}}],"line":91},"8":{"loc":{"start":{"line":97,"column":6},"end":{"line":97,"column":25}},"type":"if","locations":[{"start":{"line":97,"column":6},"end":{"line":97,"column":25}},{"start":{},"end":{}}],"line":97},"9":{"loc":{"start":{"line":119,"column":6},"end":{"line":122,"column":7}},"type":"if","locations":[{"start":{"line":119,"column":6},"end":{"line":122,"column":7}},{"start":{},"end":{}}],"line":119},"10":{"loc":{"start":{"line":125,"column":6},"end":{"line":125,"column":36}},"type":"if","locations":[{"start":{"line":125,"column":6},"end":{"line":125,"column":36}},{"start":{},"end":{}}],"line":125},"11":{"loc":{"start":{"line":142,"column":6},"end":{"line":145,"column":7}},"type":"if","locations":[{"start":{"line":142,"column":6},"end":{"line":145,"column":7}},{"start":{},"end":{}}],"line":142},"12":{"loc":{"start":{"line":148,"column":6},"end":{"line":148,"column":38}},"type":"if","locations":[{"start":{"line":148,"column":6},"end":{"line":148,"column":38}},{"start":{},"end":{}}],"line":148},"13":{"loc":{"start":{"line":165,"column":6},"end":{"line":168,"column":7}},"type":"if","locations":[{"start":{"line":165,"column":6},"end":{"line":168,"column":7}},{"start":{},"end":{}}],"line":165},"14":{"loc":{"start":{"line":171,"column":6},"end":{"line":171,"column":25}},"type":"if","locations":[{"start":{"line":171,"column":6},"end":{"line":171,"column":25}},{"start":{},"end":{}}],"line":171},"15":{"loc":{"start":{"line":191,"column":6},"end":{"line":194,"column":7}},"type":"if","locations":[{"start":{"line":191,"column":6},"end":{"line":194,"column":7}},{"start":{},"end":{}}],"line":191},"16":{"loc":{"start":{"line":197,"column":6},"end":{"line":197,"column":24}},"type":"if","locations":[{"start":{"line":197,"column":6},"end":{"line":197,"column":24}},{"start":{},"end":{}}],"line":197},"17":{"loc":{"start":{"line":212,"column":6},"end":{"line":215,"column":7}},"type":"if","locations":[{"start":{"line":212,"column":6},"end":{"line":215,"column":7}},{"start":{},"end":{}}],"line":212},"18":{"loc":{"start":{"line":218,"column":6},"end":{"line":218,"column":26}},"type":"if","locations":[{"start":{"line":218,"column":6},"end":{"line":218,"column":26}},{"start":{},"end":{}}],"line":218},"19":{"loc":{"start":{"line":235,"column":6},"end":{"line":238,"column":7}},"type":"if","locations":[{"start":{"line":235,"column":6},"end":{"line":238,"column":7}},{"start":{},"end":{}}],"line":235},"20":{"loc":{"start":{"line":241,"column":6},"end":{"line":241,"column":24}},"type":"if","locations":[{"start":{"line":241,"column":6},"end":{"line":241,"column":24}},{"start":{},"end":{}}],"line":241},"21":{"loc":{"start":{"line":256,"column":6},"end":{"line":259,"column":7}},"type":"if","locations":[{"start":{"line":256,"column":6},"end":{"line":259,"column":7}},{"start":{},"end":{}}],"line":256}},"s":{"0":2,"1":2,"2":2,"3":9,"4":9,"5":9,"6":3,"7":3,"8":6,"9":5,"10":5,"11":5,"12":1,"13":1,"14":20,"15":20,"16":20,"17":4,"18":4,"19":16,"20":16,"21":16,"22":1,"23":1,"24":1,"25":15,"26":15,"27":14,"28":14,"29":13,"30":1,"31":14,"32":14,"33":1,"34":1,"35":3,"36":3,"37":3,"38":1,"39":1,"40":2,"41":2,"42":0,"43":2,"44":2,"45":2,"46":1,"47":1,"48":2,"49":2,"50":0,"51":0,"52":3,"53":3,"54":3,"55":2,"56":2,"57":1,"58":1,"59":0,"60":1,"61":1,"62":1,"63":1,"64":0,"65":0,"66":2,"67":2,"68":2,"69":1,"70":1,"71":1,"72":1,"73":0,"74":1,"75":1,"76":1,"77":1,"78":0,"79":0,"80":10,"81":10,"82":10,"83":1,"84":1,"85":9,"86":9,"87":0,"88":9,"89":9,"90":9,"91":9,"92":0,"93":0,"94":10,"95":10,"96":10,"97":1,"98":1,"99":9,"100":9,"101":0,"102":9,"103":9,"104":9,"105":9,"106":0,"107":0,"108":41265,"109":41265,"110":41265,"111":1,"112":1,"113":41264,"114":41264,"115":0,"116":41264,"117":41264,"118":41264,"119":0,"120":0,"121":2,"122":2,"123":2,"124":1,"125":1,"126":1,"127":1,"128":0,"129":1,"130":1,"131":1,"132":1,"133":0,"134":0,"135":2,"136":2,"137":2,"138":1,"139":1,"140":1,"141":1,"142":0,"143":1,"144":1,"145":1,"146":0,"147":0,"148":2,"149":2,"150":2,"151":1,"152":1,"153":1,"154":1,"155":0,"156":0,"157":2},"f":{"0":9,"1":20,"2":3,"3":2,"4":3,"5":2,"6":10,"7":10,"8":41265,"9":2,"10":2,"11":2},"b":{"0":[3,6],"1":[4,16],"2":[1,15],"3":[14,1],"4":[1,2],"5":[0,2],"6":[1,1],"7":[2,1],"8":[0,1],"9":[1,1],"10":[0,1],"11":[1,9],"12":[0,9],"13":[1,9],"14":[0,9],"15":[1,41264],"16":[0,41264],"17":[1,1],"18":[0,1],"19":[1,1],"20":[0,1],"21":[1,1]},"_coverageSchema":"1a1c01bbd47fc00a2c39e90264f33305004495a9","hash":"1ef71938e27cc676dee66bccfeb6fdf405118f61"}
,"C:\\Portfolio\\111 to 1\\server\\src\\middlewares\\enhancedErrorHandler.js": {"path":"C:\\Portfolio\\111 to 1\\server\\src\\middlewares\\enhancedErrorHandler.js","statementMap":{"0":{"start":{"line":1,"column":15},"end":{"line":1,"column":41}},"1":{"start":{"line":2,"column":41},"end":{"line":2,"column":67}},"2":{"start":{"line":4,"column":21},"end":{"line":38,"column":1}},"3":{"start":{"line":5,"column":16},"end":{"line":5,"column":36}},"4":{"start":{"line":7,"column":2},"end":{"line":15,"column":5}},"5":{"start":{"line":17,"column":23},"end":{"line":17,"column":60}},"6":{"start":{"line":19,"column":24},"end":{"line":28,"column":3}},"7":{"start":{"line":30,"column":2},"end":{"line":33,"column":3}},"8":{"start":{"line":31,"column":4},"end":{"line":31,"column":38}},"9":{"start":{"line":32,"column":4},"end":{"line":32,"column":42}},"10":{"start":{"line":35,"column":17},"end":{"line":35,"column":40}},"11":{"start":{"line":37,"column":2},"end":{"line":37,"column":41}},"12":{"start":{"line":40,"column":20},"end":{"line":44,"column":1}},"13":{"start":{"line":41,"column":2},"end":{"line":43,"column":4}},"14":{"start":{"line":42,"column":4},"end":{"line":42,"column":52}},"15":{"start":{"line":46,"column":25},"end":{"line":78,"column":1}},"16":{"start":{"line":47,"column":2},"end":{"line":77,"column":4}},"17":{"start":{"line":48,"column":29},"end":{"line":51,"column":6}},"18":{"start":{"line":53,"column":4},"end":{"line":73,"column":5}},"19":{"start":{"line":54,"column":22},"end":{"line":58,"column":9}},"20":{"start":{"line":54,"column":51},"end":{"line":58,"column":7}},"21":{"start":{"line":60,"column":30},"end":{"line":63,"column":7}},"22":{"start":{"line":65,"column":6},"end":{"line":72,"column":9}},"23":{"start":{"line":75,"column":4},"end":{"line":75,"column":21}},"24":{"start":{"line":76,"column":4},"end":{"line":76,"column":11}},"25":{"start":{"line":80,"column":27},"end":{"line":101,"column":1}},"26":{"start":{"line":81,"column":2},"end":{"line":100,"column":4}},"27":{"start":{"line":82,"column":22},"end":{"line":82,"column":44}},"28":{"start":{"line":84,"column":4},"end":{"line":91,"column":7}},"29":{"start":{"line":93,"column":4},"end":{"line":99,"column":7}},"30":{"start":{"line":103,"column":26},"end":{"line":111,"column":1}},"31":{"start":{"line":104,"column":2},"end":{"line":110,"column":4}},"32":{"start":{"line":105,"column":4},"end":{"line":109,"column":5}},"33":{"start":{"line":106,"column":6},"end":{"line":106,"column":37}},"34":{"start":{"line":108,"column":6},"end":{"line":108,"column":40}},"35":{"start":{"line":113,"column":24},"end":{"line":132,"column":1}},"36":{"start":{"line":114,"column":2},"end":{"line":118,"column":5}},"37":{"start":{"line":120,"column":24},"end":{"line":123,"column":3}},"38":{"start":{"line":125,"column":2},"end":{"line":131,"column":5}},"39":{"start":{"line":134,"column":32},"end":{"line":147,"column":1}},"40":{"start":{"line":135,"column":2},"end":{"line":139,"column":5}},"41":{"start":{"line":141,"column":2},"end":{"line":146,"column":5}},"42":{"start":{"line":150,"column":2},"end":{"line":152,"column":3}},"43":{"start":{"line":151,"column":4},"end":{"line":151,"column":25}},"44":{"start":{"line":154,"column":2},"end":{"line":154,"column":65}},"45":{"start":{"line":157,"column":28},"end":{"line":164,"column":1}},"46":{"start":{"line":158,"column":2},"end":{"line":163,"column":5}},"47":{"start":{"line":166,"column":26},"end":{"line":181,"column":1}},"48":{"start":{"line":167,"column":2},"end":{"line":170,"column":5}},"49":{"start":{"line":172,"column":21},"end":{"line":172,"column":44}},"50":{"start":{"line":173,"column":22},"end":{"line":173,"column":59}},"51":{"start":{"line":175,"column":2},"end":{"line":180,"column":5}},"52":{"start":{"line":183,"column":27},"end":{"line":195,"column":1}},"53":{"start":{"line":184,"column":2},"end":{"line":186,"column":3}},"54":{"start":{"line":185,"column":4},"end":{"line":185,"column":53}},"55":{"start":{"line":188,"column":2},"end":{"line":190,"column":3}},"56":{"start":{"line":189,"column":4},"end":{"line":189,"column":62}},"57":{"start":{"line":192,"column":2},"end":{"line":194,"column":3}},"58":{"start":{"line":193,"column":4},"end":{"line":193,"column":78}},"59":{"start":{"line":197,"column":21},"end":{"line":209,"column":1}},"60":{"start":{"line":198,"column":15},"end":{"line":198,"column":32}},"61":{"start":{"line":200,"column":2},"end":{"line":202,"column":3}},"62":{"start":{"line":201,"column":4},"end":{"line":201,"column":48}},"63":{"start":{"line":204,"column":2},"end":{"line":208,"column":3}},"64":{"start":{"line":205,"column":4},"end":{"line":207,"column":6}},"65":{"start":{"line":211,"column":0},"end":{"line":223,"column":2}}},"fnMap":{"0":{"name":"(anonymous_0)","decl":{"start":{"line":4,"column":21},"end":{"line":4,"column":22}},"loc":{"start":{"line":4,"column":46},"end":{"line":38,"column":1}},"line":4},"1":{"name":"(anonymous_1)","decl":{"start":{"line":40,"column":20},"end":{"line":40,"column":21}},"loc":{"start":{"line":40,"column":28},"end":{"line":44,"column":1}},"line":40},"2":{"name":"(anonymous_2)","decl":{"start":{"line":41,"column":9},"end":{"line":41,"column":10}},"loc":{"start":{"line":41,"column":29},"end":{"line":43,"column":3}},"line":41},"3":{"name":"(anonymous_3)","decl":{"start":{"line":46,"column":25},"end":{"line":46,"column":26}},"loc":{"start":{"line":46,"column":37},"end":{"line":78,"column":1}},"line":46},"4":{"name":"(anonymous_4)","decl":{"start":{"line":47,"column":9},"end":{"line":47,"column":10}},"loc":{"start":{"line":47,"column":29},"end":{"line":77,"column":3}},"line":47},"5":{"name":"(anonymous_5)","decl":{"start":{"line":54,"column":40},"end":{"line":54,"column":41}},"loc":{"start":{"line":54,"column":51},"end":{"line":58,"column":7}},"line":54},"6":{"name":"(anonymous_6)","decl":{"start":{"line":80,"column":27},"end":{"line":80,"column":28}},"loc":{"start":{"line":80,"column":39},"end":{"line":101,"column":1}},"line":80},"7":{"name":"(anonymous_7)","decl":{"start":{"line":81,"column":9},"end":{"line":81,"column":10}},"loc":{"start":{"line":81,"column":20},"end":{"line":100,"column":3}},"line":81},"8":{"name":"(anonymous_8)","decl":{"start":{"line":103,"column":26},"end":{"line":103,"column":27}},"loc":{"start":{"line":103,"column":39},"end":{"line":111,"column":1}},"line":103},"9":{"name":"(anonymous_9)","decl":{"start":{"line":104,"column":9},"end":{"line":104,"column":10}},"loc":{"start":{"line":104,"column":36},"end":{"line":110,"column":3}},"line":104},"10":{"name":"(anonymous_10)","decl":{"start":{"line":113,"column":24},"end":{"line":113,"column":25}},"loc":{"start":{"line":113,"column":38},"end":{"line":132,"column":1}},"line":113},"11":{"name":"(anonymous_11)","decl":{"start":{"line":134,"column":32},"end":{"line":134,"column":33}},"loc":{"start":{"line":134,"column":46},"end":{"line":147,"column":1}},"line":134},"12":{"name":"getSafeErrorMessage","decl":{"start":{"line":149,"column":9},"end":{"line":149,"column":28}},"loc":{"start":{"line":149,"column":36},"end":{"line":155,"column":1}},"line":149},"13":{"name":"(anonymous_13)","decl":{"start":{"line":157,"column":28},"end":{"line":157,"column":29}},"loc":{"start":{"line":157,"column":78},"end":{"line":164,"column":1}},"line":157},"14":{"name":"(anonymous_14)","decl":{"start":{"line":166,"column":26},"end":{"line":166,"column":27}},"loc":{"start":{"line":166,"column":51},"end":{"line":181,"column":1}},"line":166},"15":{"name":"(anonymous_15)","decl":{"start":{"line":183,"column":27},"end":{"line":183,"column":28}},"loc":{"start":{"line":183,"column":47},"end":{"line":195,"column":1}},"line":183},"16":{"name":"(anonymous_16)","decl":{"start":{"line":197,"column":21},"end":{"line":197,"column":22}},"loc":{"start":{"line":197,"column":47},"end":{"line":209,"column":1}},"line":197}},"branchMap":{"0":{"loc":{"start":{"line":22,"column":13},"end":{"line":24,"column":21}},"type":"cond-expr","locations":[{"start":{"line":23,"column":8},"end":{"line":23,"column":34}},{"start":{"line":24,"column":8},"end":{"line":24,"column":21}}],"line":22},"1":{"loc":{"start":{"line":30,"column":2},"end":{"line":33,"column":3}},"type":"if","locations":[{"start":{"line":30,"column":2},"end":{"line":33,"column":3}},{"start":{},"end":{}}],"line":30},"2":{"loc":{"start":{"line":35,"column":17},"end":{"line":35,"column":40}},"type":"binary-expr","locations":[{"start":{"line":35,"column":17},"end":{"line":35,"column":33}},{"start":{"line":35,"column":37},"end":{"line":35,"column":40}}],"line":35},"3":{"loc":{"start":{"line":53,"column":4},"end":{"line":73,"column":5}},"type":"if","locations":[{"start":{"line":53,"column":4},"end":{"line":73,"column":5}},{"start":{},"end":{}}],"line":53},"4":{"loc":{"start":{"line":138,"column":20},"end":{"line":138,"column":49}},"type":"binary-expr","locations":[{"start":{"line":138,"column":20},"end":{"line":138,"column":43}},{"start":{"line":138,"column":47},"end":{"line":138,"column":49}}],"line":138},"5":{"loc":{"start":{"line":150,"column":2},"end":{"line":152,"column":3}},"type":"if","locations":[{"start":{"line":150,"column":2},"end":{"line":152,"column":3}},{"start":{},"end":{}}],"line":150},"6":{"loc":{"start":{"line":157,"column":40},"end":{"line":157,"column":59}},"type":"default-arg","locations":[{"start":{"line":157,"column":50},"end":{"line":157,"column":59}}],"line":157},"7":{"loc":{"start":{"line":157,"column":61},"end":{"line":157,"column":73}},"type":"default-arg","locations":[{"start":{"line":157,"column":70},"end":{"line":157,"column":73}}],"line":157},"8":{"loc":{"start":{"line":172,"column":21},"end":{"line":172,"column":44}},"type":"binary-expr","locations":[{"start":{"line":172,"column":21},"end":{"line":172,"column":37}},{"start":{"line":172,"column":41},"end":{"line":172,"column":44}}],"line":172},"9":{"loc":{"start":{"line":173,"column":22},"end":{"line":173,"column":59}},"type":"binary-expr","locations":[{"start":{"line":173,"column":22},"end":{"line":173,"column":29}},{"start":{"line":173,"column":33},"end":{"line":173,"column":59}}],"line":173},"10":{"loc":{"start":{"line":177,"column":11},"end":{"line":177,"column":32}},"type":"binary-expr","locations":[{"start":{"line":177,"column":11},"end":{"line":177,"column":21}},{"start":{"line":177,"column":25},"end":{"line":177,"column":32}}],"line":177},"11":{"loc":{"start":{"line":184,"column":2},"end":{"line":186,"column":3}},"type":"if","locations":[{"start":{"line":184,"column":2},"end":{"line":186,"column":3}},{"start":{},"end":{}}],"line":184},"12":{"loc":{"start":{"line":188,"column":2},"end":{"line":190,"column":3}},"type":"if","locations":[{"start":{"line":188,"column":2},"end":{"line":190,"column":3}},{"start":{},"end":{}}],"line":188},"13":{"loc":{"start":{"line":192,"column":2},"end":{"line":194,"column":3}},"type":"if","locations":[{"start":{"line":192,"column":2},"end":{"line":194,"column":3}},{"start":{},"end":{}}],"line":192},"14":{"loc":{"start":{"line":200,"column":2},"end":{"line":202,"column":3}},"type":"if","locations":[{"start":{"line":200,"column":2},"end":{"line":202,"column":3}},{"start":{},"end":{}}],"line":200},"15":{"loc":{"start":{"line":204,"column":2},"end":{"line":208,"column":3}},"type":"if","locations":[{"start":{"line":204,"column":2},"end":{"line":208,"column":3}},{"start":{},"end":{}}],"line":204}},"s":{"0":0,"1":0,"2":0,"3":0,"4":0,"5":0,"6":0,"7":0,"8":0,"9":0,"10":0,"11":0,"12":0,"13":0,"14":0,"15":0,"16":0,"17":0,"18":0,"19":0,"20":0,"21":0,"22":0,"23":0,"24":0,"25":0,"26":0,"27":0,"28":0,"29":0,"30":0,"31":0,"32":0,"33":0,"34":0,"35":0,"36":0,"37":0,"38":0,"39":0,"40":0,"41":0,"42":0,"43":0,"44":0,"45":0,"46":0,"47":0,"48":0,"49":0,"50":0,"51":0,"52":0,"53":0,"54":0,"55":0,"56":0,"57":0,"58":0,"59":0,"60":0,"61":0,"62":0,"63":0,"64":0,"65":0},"f":{"0":0,"1":0,"2":0,"3":0,"4":0,"5":0,"6":0,"7":0,"8":0,"9":0,"10":0,"11":0,"12":0,"13":0,"14":0,"15":0,"16":0},"b":{"0":[0,0],"1":[0,0],"2":[0,0],"3":[0,0],"4":[0,0],"5":[0,0],"6":[0],"7":[0],"8":[0,0],"9":[0,0],"10":[0,0],"11":[0,0],"12":[0,0],"13":[0,0],"14":[0,0],"15":[0,0]}}
,"C:\\Portfolio\\111 to 1\\server\\src\\middlewares\\errorHandler.js": {"path":"C:\\Portfolio\\111 to 1\\server\\src\\middlewares\\errorHandler.js","statementMap":{"0":{"start":{"line":1,"column":15},"end":{"line":1,"column":41}},"1":{"start":{"line":3,"column":21},"end":{"line":26,"column":1}},"2":{"start":{"line":4,"column":2},"end":{"line":9,"column":5}},"3":{"start":{"line":11,"column":23},"end":{"line":11,"column":60}},"4":{"start":{"line":13,"column":24},"end":{"line":17,"column":3}},"5":{"start":{"line":19,"column":2},"end":{"line":21,"column":3}},"6":{"start":{"line":20,"column":4},"end":{"line":20,"column":36}},"7":{"start":{"line":23,"column":17},"end":{"line":23,"column":52}},"8":{"start":{"line":25,"column":2},"end":{"line":25,"column":41}},"9":{"start":{"line":28,"column":27},"end":{"line":41,"column":1}},"10":{"start":{"line":29,"column":2},"end":{"line":40,"column":4}},"11":{"start":{"line":30,"column":4},"end":{"line":34,"column":7}},"12":{"start":{"line":36,"column":4},"end":{"line":39,"column":7}},"13":{"start":{"line":43,"column":21},"end":{"line":47,"column":1}},"14":{"start":{"line":44,"column":2},"end":{"line":46,"column":4}},"15":{"start":{"line":45,"column":4},"end":{"line":45,"column":52}},"16":{"start":{"line":49,"column":24},"end":{"line":60,"column":1}},"17":{"start":{"line":50,"column":2},"end":{"line":53,"column":5}},"18":{"start":{"line":55,"column":2},"end":{"line":59,"column":5}},"19":{"start":{"line":62,"column":0},"end":{"line":67,"column":2}}},"fnMap":{"0":{"name":"(anonymous_0)","decl":{"start":{"line":3,"column":21},"end":{"line":3,"column":22}},"loc":{"start":{"line":3,"column":46},"end":{"line":26,"column":1}},"line":3},"1":{"name":"(anonymous_1)","decl":{"start":{"line":28,"column":27},"end":{"line":28,"column":28}},"loc":{"start":{"line":28,"column":39},"end":{"line":41,"column":1}},"line":28},"2":{"name":"(anonymous_2)","decl":{"start":{"line":29,"column":9},"end":{"line":29,"column":10}},"loc":{"start":{"line":29,"column":20},"end":{"line":40,"column":3}},"line":29},"3":{"name":"(anonymous_3)","decl":{"start":{"line":43,"column":21},"end":{"line":43,"column":22}},"loc":{"start":{"line":43,"column":29},"end":{"line":47,"column":1}},"line":43},"4":{"name":"(anonymous_4)","decl":{"start":{"line":44,"column":9},"end":{"line":44,"column":10}},"loc":{"start":{"line":44,"column":29},"end":{"line":46,"column":3}},"line":44},"5":{"name":"(anonymous_5)","decl":{"start":{"line":49,"column":24},"end":{"line":49,"column":25}},"loc":{"start":{"line":49,"column":38},"end":{"line":60,"column":1}},"line":49}},"branchMap":{"0":{"loc":{"start":{"line":15,"column":11},"end":{"line":15,"column":30}},"type":"binary-expr","locations":[{"start":{"line":15,"column":11},"end":{"line":15,"column":19}},{"start":{"line":15,"column":23},"end":{"line":15,"column":30}}],"line":15},"1":{"loc":{"start":{"line":19,"column":2},"end":{"line":21,"column":3}},"type":"if","locations":[{"start":{"line":19,"column":2},"end":{"line":21,"column":3}},{"start":{},"end":{}}],"line":19},"2":{"loc":{"start":{"line":23,"column":17},"end":{"line":23,"column":52}},"type":"binary-expr","locations":[{"start":{"line":23,"column":17},"end":{"line":23,"column":27}},{"start":{"line":23,"column":31},"end":{"line":23,"column":45}},{"start":{"line":23,"column":49},"end":{"line":23,"column":52}}],"line":23},"3":{"loc":{"start":{"line":38,"column":15},"end":{"line":38,"column":50}},"type":"binary-expr","locations":[{"start":{"line":38,"column":15},"end":{"line":38,"column":28}},{"start":{"line":38,"column":32},"end":{"line":38,"column":50}}],"line":38}},"s":{"0":2,"1":2,"2":8,"3":8,"4":8,"5":8,"6":7,"7":8,"8":8,"9":2,"10":8,"11":7,"12":7,"13":2,"14":7,"15":7,"16":2,"17":9,"18":9,"19":2},"f":{"0":8,"1":8,"2":7,"3":7,"4":7,"5":9},"b":{"0":[8,2],"1":[7,1],"2":[8,4,3],"3":[7,5]},"_coverageSchema":"1a1c01bbd47fc00a2c39e90264f33305004495a9","hash":"034ec19e6bb97326ea88b5e164b622a42b7dda5d"}
,"C:\\Portfolio\\111 to 1\\server\\src\\middlewares\\rateLimiter.js": {"path":"C:\\Portfolio\\111 to 1\\server\\src\\middlewares\\rateLimiter.js","statementMap":{"0":{"start":{"line":1,"column":18},"end":{"line":1,"column":47}},"1":{"start":{"line":2,"column":15},"end":{"line":2,"column":41}},"2":{"start":{"line":3,"column":15},"end":{"line":3,"column":42}},"3":{"start":{"line":5,"column":20},"end":{"line":29,"column":2}},"4":{"start":{"line":16,"column":4},"end":{"line":19,"column":7}},"5":{"start":{"line":20,"column":4},"end":{"line":24,"column":7}},"6":{"start":{"line":27,"column":4},"end":{"line":27,"column":46}},"7":{"start":{"line":31,"column":0},"end":{"line":31,"column":29}}},"fnMap":{"0":{"name":"(anonymous_0)","decl":{"start":{"line":15,"column":11},"end":{"line":15,"column":12}},"loc":{"start":{"line":15,"column":25},"end":{"line":25,"column":3}},"line":15},"1":{"name":"(anonymous_1)","decl":{"start":{"line":26,"column":8},"end":{"line":26,"column":9}},"loc":{"start":{"line":26,"column":17},"end":{"line":28,"column":3}},"line":26}},"branchMap":{},"s":{"0":13,"1":13,"2":13,"3":0,"4":0,"5":0,"6":0,"7":0},"f":{"0":0,"1":0},"b":{},"_coverageSchema":"1a1c01bbd47fc00a2c39e90264f33305004495a9","hash":"88be082ca3f1103c5ba2692208e26dd0764de1a7"}
,"C:\\Portfolio\\111 to 1\\server\\src\\middlewares\\security.js": {"path":"C:\\Portfolio\\111 to 1\\server\\src\\middlewares\\security.js","statementMap":{"0":{"start":{"line":1,"column":15},"end":{"line":1,"column":32}},"1":{"start":{"line":2,"column":15},"end":{"line":2,"column":41}},"2":{"start":{"line":4,"column":24},"end":{"line":19,"column":2}},"3":{"start":{"line":21,"column":23},"end":{"line":53,"column":1}},"4":{"start":{"line":22,"column":20},"end":{"line":22,"column":36}},"5":{"start":{"line":23,"column":13},"end":{"line":23,"column":70}},"6":{"start":{"line":25,"column":2},"end":{"line":29,"column":5}},"7":{"start":{"line":31,"column":2},"end":{"line":50,"column":3}},"8":{"start":{"line":32,"column":20},"end":{"line":32,"column":45}},"9":{"start":{"line":33,"column":27},"end":{"line":36,"column":21}},"10":{"start":{"line":38,"column":22},"end":{"line":40,"column":5}},"11":{"start":{"line":39,"column":6},"end":{"line":39,"column":68}},"12":{"start":{"line":42,"column":4},"end":{"line":49,"column":5}},"13":{"start":{"line":43,"column":6},"end":{"line":47,"column":9}},"14":{"start":{"line":48,"column":6},"end":{"line":48,"column":45}},"15":{"start":{"line":52,"column":2},"end":{"line":52,"column":9}},"16":{"start":{"line":55,"column":0},"end":{"line":58,"column":2}}},"fnMap":{"0":{"name":"(anonymous_0)","decl":{"start":{"line":21,"column":23},"end":{"line":21,"column":24}},"loc":{"start":{"line":21,"column":41},"end":{"line":53,"column":1}},"line":21},"1":{"name":"(anonymous_1)","decl":{"start":{"line":38,"column":42},"end":{"line":38,"column":43}},"loc":{"start":{"line":39,"column":6},"end":{"line":39,"column":68}},"line":39}},"branchMap":{"0":{"loc":{"start":{"line":23,"column":13},"end":{"line":23,"column":70}},"type":"binary-expr","locations":[{"start":{"line":23,"column":13},"end":{"line":23,"column":49}},{"start":{"line":23,"column":53},"end":{"line":23,"column":70}}],"line":23},"1":{"loc":{"start":{"line":31,"column":2},"end":{"line":50,"column":3}},"type":"if","locations":[{"start":{"line":31,"column":2},"end":{"line":50,"column":3}},{"start":{},"end":{}}],"line":31},"2":{"loc":{"start":{"line":39,"column":6},"end":{"line":39,"column":68}},"type":"binary-expr","locations":[{"start":{"line":39,"column":6},"end":{"line":39,"column":13}},{"start":{"line":39,"column":17},"end":{"line":39,"column":68}}],"line":39},"3":{"loc":{"start":{"line":42,"column":4},"end":{"line":49,"column":5}},"type":"if","locations":[{"start":{"line":42,"column":4},"end":{"line":49,"column":5}},{"start":{},"end":{}}],"line":42}},"s":{"0":1,"1":1,"2":1,"3":1,"4":9,"5":9,"6":9,"7":9,"8":6,"9":6,"10":6,"11":9,"12":6,"13":3,"14":3,"15":6,"16":1},"f":{"0":9,"1":9},"b":{"0":[9,7],"1":[6,3],"2":[9,5],"3":[3,3]},"_coverageSchema":"1a1c01bbd47fc00a2c39e90264f33305004495a9","hash":"6a8cd2dbabf30fe879d24a20c9dde8bcd5977eb8"}
,"C:\\Portfolio\\111 to 1\\server\\src\\services\\room.service.js": {"path":"C:\\Portfolio\\111 to 1\\server\\src\\services\\room.service.js","statementMap":{"0":{"start":{"line":1,"column":23},"end":{"line":1,"column":38}},"1":{"start":{"line":2,"column":15},"end":{"line":2,"column":41}},"2":{"start":{"line":6,"column":4},"end":{"line":6,"column":20}},"3":{"start":{"line":7,"column":4},"end":{"line":7,"column":32}},"4":{"start":{"line":11,"column":19},"end":{"line":11,"column":57}},"5":{"start":{"line":13,"column":4},"end":{"line":34,"column":6}},"6":{"start":{"line":36,"column":4},"end":{"line":36,"column":52}},"7":{"start":{"line":37,"column":4},"end":{"line":37,"column":30}},"8":{"start":{"line":39,"column":4},"end":{"line":39,"column":30}},"9":{"start":{"line":43,"column":4},"end":{"line":43,"column":38}},"10":{"start":{"line":47,"column":4},"end":{"line":47,"column":22}},"11":{"start":{"line":51,"column":4},"end":{"line":51,"column":32}},"12":{"start":{"line":55,"column":4},"end":{"line":57,"column":5}},"13":{"start":{"line":56,"column":6},"end":{"line":56,"column":19}},"14":{"start":{"line":59,"column":4},"end":{"line":64,"column":7}},"15":{"start":{"line":66,"column":4},"end":{"line":66,"column":60}},"16":{"start":{"line":68,"column":4},"end":{"line":68,"column":74}},"17":{"start":{"line":69,"column":4},"end":{"line":69,"column":30}},"18":{"start":{"line":71,"column":4},"end":{"line":71,"column":16}},"19":{"start":{"line":75,"column":4},"end":{"line":77,"column":5}},"20":{"start":{"line":76,"column":6},"end":{"line":76,"column":19}},"21":{"start":{"line":79,"column":4},"end":{"line":83,"column":6}},"22":{"start":{"line":85,"column":4},"end":{"line":85,"column":54}},"23":{"start":{"line":86,"column":4},"end":{"line":86,"column":30}},"24":{"start":{"line":88,"column":4},"end":{"line":88,"column":30}},"25":{"start":{"line":92,"column":17},"end":{"line":92,"column":35}},"26":{"start":{"line":93,"column":4},"end":{"line":95,"column":5}},"27":{"start":{"line":94,"column":6},"end":{"line":94,"column":18}},"28":{"start":{"line":97,"column":18},"end":{"line":97,"column":28}},"29":{"start":{"line":99,"column":4},"end":{"line":107,"column":5}},"30":{"start":{"line":100,"column":6},"end":{"line":100,"column":39}},"31":{"start":{"line":101,"column":6},"end":{"line":103,"column":7}},"32":{"start":{"line":102,"column":8},"end":{"line":102,"column":55}},"33":{"start":{"line":105,"column":6},"end":{"line":105,"column":83}},"34":{"start":{"line":106,"column":6},"end":{"line":106,"column":32}},"35":{"start":{"line":109,"column":4},"end":{"line":109,"column":17}},"36":{"start":{"line":113,"column":17},"end":{"line":113,"column":35}},"37":{"start":{"line":114,"column":4},"end":{"line":116,"column":5}},"38":{"start":{"line":115,"column":6},"end":{"line":115,"column":18}},"39":{"start":{"line":118,"column":4},"end":{"line":118,"column":26}},"40":{"start":{"line":120,"column":4},"end":{"line":120,"column":76}},"41":{"start":{"line":121,"column":4},"end":{"line":121,"column":30}},"42":{"start":{"line":123,"column":4},"end":{"line":123,"column":31}},"43":{"start":{"line":127,"column":17},"end":{"line":127,"column":35}},"44":{"start":{"line":128,"column":4},"end":{"line":130,"column":5}},"45":{"start":{"line":129,"column":6},"end":{"line":129,"column":18}},"46":{"start":{"line":132,"column":4},"end":{"line":132,"column":64}},"47":{"start":{"line":134,"column":4},"end":{"line":134,"column":83}},"48":{"start":{"line":135,"column":4},"end":{"line":135,"column":30}},"49":{"start":{"line":137,"column":4},"end":{"line":137,"column":33}},"50":{"start":{"line":141,"column":17},"end":{"line":141,"column":35}},"51":{"start":{"line":142,"column":4},"end":{"line":144,"column":5}},"52":{"start":{"line":143,"column":6},"end":{"line":143,"column":18}},"53":{"start":{"line":146,"column":4},"end":{"line":150,"column":5}},"54":{"start":{"line":147,"column":6},"end":{"line":147,"column":38}},"55":{"start":{"line":149,"column":6},"end":{"line":149,"column":38}},"56":{"start":{"line":152,"column":4},"end":{"line":155,"column":8}},"57":{"start":{"line":156,"column":4},"end":{"line":156,"column":30}},"58":{"start":{"line":158,"column":4},"end":{"line":158,"column":22}},"59":{"start":{"line":162,"column":17},"end":{"line":162,"column":35}},"60":{"start":{"line":163,"column":4},"end":{"line":165,"column":5}},"61":{"start":{"line":164,"column":6},"end":{"line":164,"column":18}},"62":{"start":{"line":167,"column":4},"end":{"line":167,"column":43}},"63":{"start":{"line":168,"column":4},"end":{"line":168,"column":29}},"64":{"start":{"line":169,"column":4},"end":{"line":169,"column":28}},"65":{"start":{"line":170,"column":4},"end":{"line":170,"column":24}},"66":{"start":{"line":171,"column":4},"end":{"line":171,"column":39}},"67":{"start":{"line":173,"column":4},"end":{"line":173,"column":71}},"68":{"start":{"line":174,"column":4},"end":{"line":174,"column":30}},"69":{"start":{"line":176,"column":4},"end":{"line":176,"column":16}},"70":{"start":{"line":180,"column":17},"end":{"line":180,"column":35}},"71":{"start":{"line":181,"column":4},"end":{"line":183,"column":5}},"72":{"start":{"line":182,"column":6},"end":{"line":182,"column":18}},"73":{"start":{"line":185,"column":19},"end":{"line":185,"column":30}},"74":{"start":{"line":187,"column":4},"end":{"line":198,"column":5}},"75":{"start":{"line":188,"column":6},"end":{"line":194,"column":7}},"76":{"start":{"line":189,"column":8},"end":{"line":189,"column":35}},"77":{"start":{"line":190,"column":8},"end":{"line":190,"column":26}},"78":{"start":{"line":191,"column":13},"end":{"line":194,"column":7}},"79":{"start":{"line":192,"column":8},"end":{"line":192,"column":35}},"80":{"start":{"line":193,"column":8},"end":{"line":193,"column":26}},"81":{"start":{"line":196,"column":6},"end":{"line":196,"column":77}},"82":{"start":{"line":197,"column":6},"end":{"line":197,"column":32}},"83":{"start":{"line":200,"column":4},"end":{"line":200,"column":18}},"84":{"start":{"line":204,"column":17},"end":{"line":204,"column":35}},"85":{"start":{"line":205,"column":4},"end":{"line":207,"column":5}},"86":{"start":{"line":206,"column":6},"end":{"line":206,"column":18}},"87":{"start":{"line":209,"column":4},"end":{"line":213,"column":6}},"88":{"start":{"line":215,"column":4},"end":{"line":215,"column":44}},"89":{"start":{"line":216,"column":4},"end":{"line":216,"column":30}},"90":{"start":{"line":218,"column":4},"end":{"line":218,"column":16}},"91":{"start":{"line":222,"column":4},"end":{"line":224,"column":5}},"92":{"start":{"line":223,"column":6},"end":{"line":223,"column":19}},"93":{"start":{"line":226,"column":4},"end":{"line":226,"column":30}},"94":{"start":{"line":228,"column":4},"end":{"line":228,"column":44}},"95":{"start":{"line":229,"column":4},"end":{"line":229,"column":30}},"96":{"start":{"line":231,"column":4},"end":{"line":231,"column":16}},"97":{"start":{"line":235,"column":16},"end":{"line":235,"column":26}},"98":{"start":{"line":236,"column":26},"end":{"line":236,"column":28}},"99":{"start":{"line":238,"column":4},"end":{"line":245,"column":7}},"100":{"start":{"line":239,"column":19},"end":{"line":239,"column":37}},"101":{"start":{"line":240,"column":24},"end":{"line":240,"column":58}},"102":{"start":{"line":242,"column":6},"end":{"line":244,"column":7}},"103":{"start":{"line":243,"column":8},"end":{"line":243,"column":35}},"104":{"start":{"line":247,"column":4},"end":{"line":249,"column":7}},"105":{"start":{"line":248,"column":6},"end":{"line":248,"column":32}},"106":{"start":{"line":251,"column":4},"end":{"line":257,"column":5}},"107":{"start":{"line":252,"column":6},"end":{"line":255,"column":9}},"108":{"start":{"line":256,"column":6},"end":{"line":256,"column":32}},"109":{"start":{"line":259,"column":4},"end":{"line":259,"column":32}},"110":{"start":{"line":263,"column":4},"end":{"line":276,"column":5}},"111":{"start":{"line":264,"column":17},"end":{"line":264,"column":30}},"112":{"start":{"line":265,"column":19},"end":{"line":265,"column":34}},"113":{"start":{"line":266,"column":22},"end":{"line":266,"column":54}},"114":{"start":{"line":267,"column":23},"end":{"line":267,"column":55}},"115":{"start":{"line":269,"column":6},"end":{"line":271,"column":7}},"116":{"start":{"line":270,"column":8},"end":{"line":270,"column":51}},"117":{"start":{"line":273,"column":6},"end":{"line":273,"column":70}},"118":{"start":{"line":275,"column":6},"end":{"line":275,"column":80}},"119":{"start":{"line":280,"column":4},"end":{"line":293,"column":5}},"120":{"start":{"line":281,"column":17},"end":{"line":281,"column":30}},"121":{"start":{"line":282,"column":19},"end":{"line":282,"column":34}},"122":{"start":{"line":283,"column":23},"end":{"line":283,"column":69}},"123":{"start":{"line":285,"column":6},"end":{"line":289,"column":7}},"124":{"start":{"line":286,"column":21},"end":{"line":286,"column":54}},"125":{"start":{"line":287,"column":8},"end":{"line":287,"column":38}},"126":{"start":{"line":288,"column":8},"end":{"line":288,"column":92}},"127":{"start":{"line":291,"column":6},"end":{"line":291,"column":82}},"128":{"start":{"line":292,"column":6},"end":{"line":292,"column":22}},"129":{"start":{"line":297,"column":18},"end":{"line":302,"column":5}},"130":{"start":{"line":304,"column":4},"end":{"line":313,"column":7}},"131":{"start":{"line":305,"column":6},"end":{"line":305,"column":48}},"132":{"start":{"line":306,"column":6},"end":{"line":306,"column":95}},"133":{"start":{"line":308,"column":29},"end":{"line":308,"column":63}},"134":{"start":{"line":309,"column":25},"end":{"line":309,"column":54}},"135":{"start":{"line":310,"column":6},"end":{"line":312,"column":7}},"136":{"start":{"line":311,"column":8},"end":{"line":311,"column":28}},"137":{"start":{"line":315,"column":4},"end":{"line":315,"column":17}},"138":{"start":{"line":319,"column":0},"end":{"line":319,"column":35}}},"fnMap":{"0":{"name":"(anonymous_0)","decl":{"start":{"line":5,"column":2},"end":{"line":5,"column":3}},"loc":{"start":{"line":5,"column":16},"end":{"line":8,"column":3}},"line":5},"1":{"name":"(anonymous_1)","decl":{"start":{"line":10,"column":2},"end":{"line":10,"column":3}},"loc":{"start":{"line":10,"column":21},"end":{"line":40,"column":3}},"line":10},"2":{"name":"(anonymous_2)","decl":{"start":{"line":42,"column":2},"end":{"line":42,"column":3}},"loc":{"start":{"line":42,"column":18},"end":{"line":44,"column":3}},"line":42},"3":{"name":"(anonymous_3)","decl":{"start":{"line":46,"column":2},"end":{"line":46,"column":3}},"loc":{"start":{"line":46,"column":13},"end":{"line":48,"column":3}},"line":46},"4":{"name":"(anonymous_4)","decl":{"start":{"line":50,"column":2},"end":{"line":50,"column":3}},"loc":{"start":{"line":50,"column":21},"end":{"line":52,"column":3}},"line":50},"5":{"name":"(anonymous_5)","decl":{"start":{"line":54,"column":2},"end":{"line":54,"column":3}},"loc":{"start":{"line":54,"column":49},"end":{"line":72,"column":3}},"line":54},"6":{"name":"(anonymous_6)","decl":{"start":{"line":74,"column":2},"end":{"line":74,"column":3}},"loc":{"start":{"line":74,"column":30},"end":{"line":89,"column":3}},"line":74},"7":{"name":"(anonymous_7)","decl":{"start":{"line":91,"column":2},"end":{"line":91,"column":3}},"loc":{"start":{"line":91,"column":36},"end":{"line":110,"column":3}},"line":91},"8":{"name":"(anonymous_8)","decl":{"start":{"line":112,"column":2},"end":{"line":112,"column":3}},"loc":{"start":{"line":112,"column":21},"end":{"line":124,"column":3}},"line":112},"9":{"name":"(anonymous_9)","decl":{"start":{"line":126,"column":2},"end":{"line":126,"column":3}},"loc":{"start":{"line":126,"column":21},"end":{"line":138,"column":3}},"line":126},"10":{"name":"(anonymous_10)","decl":{"start":{"line":140,"column":2},"end":{"line":140,"column":3}},"loc":{"start":{"line":140,"column":36},"end":{"line":159,"column":3}},"line":140},"11":{"name":"(anonymous_11)","decl":{"start":{"line":161,"column":2},"end":{"line":161,"column":3}},"loc":{"start":{"line":161,"column":31},"end":{"line":177,"column":3}},"line":161},"12":{"name":"(anonymous_12)","decl":{"start":{"line":179,"column":2},"end":{"line":179,"column":3}},"loc":{"start":{"line":179,"column":28},"end":{"line":201,"column":3}},"line":179},"13":{"name":"(anonymous_13)","decl":{"start":{"line":203,"column":2},"end":{"line":203,"column":3}},"loc":{"start":{"line":203,"column":22},"end":{"line":219,"column":3}},"line":203},"14":{"name":"(anonymous_14)","decl":{"start":{"line":221,"column":2},"end":{"line":221,"column":3}},"loc":{"start":{"line":221,"column":21},"end":{"line":232,"column":3}},"line":221},"15":{"name":"(anonymous_15)","decl":{"start":{"line":234,"column":2},"end":{"line":234,"column":3}},"loc":{"start":{"line":234,"column":55},"end":{"line":260,"column":3}},"line":234},"16":{"name":"(anonymous_16)","decl":{"start":{"line":238,"column":36},"end":{"line":238,"column":37}},"loc":{"start":{"line":238,"column":46},"end":{"line":245,"column":5}},"line":238},"17":{"name":"(anonymous_17)","decl":{"start":{"line":247,"column":26},"end":{"line":247,"column":27}},"loc":{"start":{"line":247,"column":36},"end":{"line":249,"column":5}},"line":247},"18":{"name":"(anonymous_18)","decl":{"start":{"line":262,"column":2},"end":{"line":262,"column":3}},"loc":{"start":{"line":262,"column":23},"end":{"line":277,"column":3}},"line":262},"19":{"name":"(anonymous_19)","decl":{"start":{"line":279,"column":2},"end":{"line":279,"column":3}},"loc":{"start":{"line":279,"column":25},"end":{"line":294,"column":3}},"line":279},"20":{"name":"(anonymous_20)","decl":{"start":{"line":296,"column":2},"end":{"line":296,"column":3}},"loc":{"start":{"line":296,"column":13},"end":{"line":316,"column":3}},"line":296},"21":{"name":"(anonymous_21)","decl":{"start":{"line":304,"column":38},"end":{"line":304,"column":39}},"loc":{"start":{"line":304,"column":46},"end":{"line":313,"column":5}},"line":304}},"branchMap":{"0":{"loc":{"start":{"line":43,"column":11},"end":{"line":43,"column":37}},"type":"binary-expr","locations":[{"start":{"line":43,"column":11},"end":{"line":43,"column":29}},{"start":{"line":43,"column":33},"end":{"line":43,"column":37}}],"line":43},"1":{"loc":{"start":{"line":54,"column":36},"end":{"line":54,"column":47}},"type":"default-arg","locations":[{"start":{"line":54,"column":43},"end":{"line":54,"column":47}}],"line":54},"2":{"loc":{"start":{"line":55,"column":4},"end":{"line":57,"column":5}},"type":"if","locations":[{"start":{"line":55,"column":4},"end":{"line":57,"column":5}},{"start":{},"end":{}}],"line":55},"3":{"loc":{"start":{"line":75,"column":4},"end":{"line":77,"column":5}},"type":"if","locations":[{"start":{"line":75,"column":4},"end":{"line":77,"column":5}},{"start":{},"end":{}}],"line":75},"4":{"loc":{"start":{"line":93,"column":4},"end":{"line":95,"column":5}},"type":"if","locations":[{"start":{"line":93,"column":4},"end":{"line":95,"column":5}},{"start":{},"end":{}}],"line":93},"5":{"loc":{"start":{"line":93,"column":8},"end":{"line":93,"column":28}},"type":"binary-expr","locations":[{"start":{"line":93,"column":8},"end":{"line":93,"column":13}},{"start":{"line":93,"column":17},"end":{"line":93,"column":28}}],"line":93},"6":{"loc":{"start":{"line":99,"column":4},"end":{"line":107,"column":5}},"type":"if","locations":[{"start":{"line":99,"column":4},"end":{"line":107,"column":5}},{"start":{},"end":{}}],"line":99},"7":{"loc":{"start":{"line":101,"column":6},"end":{"line":103,"column":7}},"type":"if","locations":[{"start":{"line":101,"column":6},"end":{"line":103,"column":7}},{"start":{},"end":{}}],"line":101},"8":{"loc":{"start":{"line":114,"column":4},"end":{"line":116,"column":5}},"type":"if","locations":[{"start":{"line":114,"column":4},"end":{"line":116,"column":5}},{"start":{},"end":{}}],"line":114},"9":{"loc":{"start":{"line":114,"column":8},"end":{"line":114,"column":28}},"type":"binary-expr","locations":[{"start":{"line":114,"column":8},"end":{"line":114,"column":13}},{"start":{"line":114,"column":17},"end":{"line":114,"column":28}}],"line":114},"10":{"loc":{"start":{"line":128,"column":4},"end":{"line":130,"column":5}},"type":"if","locations":[{"start":{"line":128,"column":4},"end":{"line":130,"column":5}},{"start":{},"end":{}}],"line":128},"11":{"loc":{"start":{"line":128,"column":8},"end":{"line":128,"column":28}},"type":"binary-expr","locations":[{"start":{"line":128,"column":8},"end":{"line":128,"column":13}},{"start":{"line":128,"column":17},"end":{"line":128,"column":28}}],"line":128},"12":{"loc":{"start":{"line":132,"column":28},"end":{"line":132,"column":63}},"type":"cond-expr","locations":[{"start":{"line":132,"column":58},"end":{"line":132,"column":59}},{"start":{"line":132,"column":62},"end":{"line":132,"column":63}}],"line":132},"13":{"loc":{"start":{"line":142,"column":4},"end":{"line":144,"column":5}},"type":"if","locations":[{"start":{"line":142,"column":4},"end":{"line":144,"column":5}},{"start":{},"end":{}}],"line":142},"14":{"loc":{"start":{"line":142,"column":8},"end":{"line":142,"column":28}},"type":"binary-expr","locations":[{"start":{"line":142,"column":8},"end":{"line":142,"column":13}},{"start":{"line":142,"column":17},"end":{"line":142,"column":28}}],"line":142},"15":{"loc":{"start":{"line":146,"column":4},"end":{"line":150,"column":5}},"type":"if","locations":[{"start":{"line":146,"column":4},"end":{"line":150,"column":5}},{"start":{"line":148,"column":11},"end":{"line":150,"column":5}}],"line":146},"16":{"loc":{"start":{"line":163,"column":4},"end":{"line":165,"column":5}},"type":"if","locations":[{"start":{"line":163,"column":4},"end":{"line":165,"column":5}},{"start":{},"end":{}}],"line":163},"17":{"loc":{"start":{"line":181,"column":4},"end":{"line":183,"column":5}},"type":"if","locations":[{"start":{"line":181,"column":4},"end":{"line":183,"column":5}},{"start":{},"end":{}}],"line":181},"18":{"loc":{"start":{"line":181,"column":8},"end":{"line":181,"column":29}},"type":"binary-expr","locations":[{"start":{"line":181,"column":8},"end":{"line":181,"column":13}},{"start":{"line":181,"column":17},"end":{"line":181,"column":29}}],"line":181},"19":{"loc":{"start":{"line":187,"column":4},"end":{"line":198,"column":5}},"type":"if","locations":[{"start":{"line":187,"column":4},"end":{"line":198,"column":5}},{"start":{},"end":{}}],"line":187},"20":{"loc":{"start":{"line":188,"column":6},"end":{"line":194,"column":7}},"type":"if","locations":[{"start":{"line":188,"column":6},"end":{"line":194,"column":7}},{"start":{"line":191,"column":13},"end":{"line":194,"column":7}}],"line":188},"21":{"loc":{"start":{"line":188,"column":10},"end":{"line":188,"column":44}},"type":"binary-expr","locations":[{"start":{"line":188,"column":10},"end":{"line":188,"column":20}},{"start":{"line":188,"column":24},"end":{"line":188,"column":44}}],"line":188},"22":{"loc":{"start":{"line":191,"column":13},"end":{"line":194,"column":7}},"type":"if","locations":[{"start":{"line":191,"column":13},"end":{"line":194,"column":7}},{"start":{},"end":{}}],"line":191},"23":{"loc":{"start":{"line":191,"column":17},"end":{"line":191,"column":51}},"type":"binary-expr","locations":[{"start":{"line":191,"column":17},"end":{"line":191,"column":27}},{"start":{"line":191,"column":31},"end":{"line":191,"column":51}}],"line":191},"24":{"loc":{"start":{"line":205,"column":4},"end":{"line":207,"column":5}},"type":"if","locations":[{"start":{"line":205,"column":4},"end":{"line":207,"column":5}},{"start":{},"end":{}}],"line":205},"25":{"loc":{"start":{"line":222,"column":4},"end":{"line":224,"column":5}},"type":"if","locations":[{"start":{"line":222,"column":4},"end":{"line":224,"column":5}},{"start":{},"end":{}}],"line":222},"26":{"loc":{"start":{"line":234,"column":23},"end":{"line":234,"column":53}},"type":"default-arg","locations":[{"start":{"line":234,"column":34},"end":{"line":234,"column":53}}],"line":234},"27":{"loc":{"start":{"line":242,"column":6},"end":{"line":244,"column":7}},"type":"if","locations":[{"start":{"line":242,"column":6},"end":{"line":244,"column":7}},{"start":{},"end":{}}],"line":242},"28":{"loc":{"start":{"line":251,"column":4},"end":{"line":257,"column":5}},"type":"if","locations":[{"start":{"line":251,"column":4},"end":{"line":257,"column":5}},{"start":{},"end":{}}],"line":251},"29":{"loc":{"start":{"line":269,"column":6},"end":{"line":271,"column":7}},"type":"if","locations":[{"start":{"line":269,"column":6},"end":{"line":271,"column":7}},{"start":{},"end":{}}],"line":269},"30":{"loc":{"start":{"line":285,"column":6},"end":{"line":289,"column":7}},"type":"if","locations":[{"start":{"line":285,"column":6},"end":{"line":289,"column":7}},{"start":{},"end":{}}],"line":285},"31":{"loc":{"start":{"line":306,"column":47},"end":{"line":306,"column":89}},"type":"binary-expr","locations":[{"start":{"line":306,"column":47},"end":{"line":306,"column":84}},{"start":{"line":306,"column":88},"end":{"line":306,"column":89}}],"line":306},"32":{"loc":{"start":{"line":310,"column":6},"end":{"line":312,"column":7}},"type":"if","locations":[{"start":{"line":310,"column":6},"end":{"line":312,"column":7}},{"start":{},"end":{}}],"line":310}},"s":{"0":4,"1":4,"2":4,"3":4,"4":30,"5":30,"6":30,"7":30,"8":30,"9":38,"10":0,"11":0,"12":16,"13":1,"14":15,"15":15,"16":15,"17":15,"18":15,"19":0,"20":0,"21":0,"22":0,"23":0,"24":0,"25":3,"26":3,"27":0,"28":3,"29":3,"30":2,"31":2,"32":2,"33":2,"34":2,"35":3,"36":2,"37":2,"38":0,"39":2,"40":2,"41":2,"42":2,"43":10,"44":10,"45":0,"46":10,"47":10,"48":10,"49":10,"50":13,"51":13,"52":0,"53":13,"54":3,"55":10,"56":13,"57":13,"58":13,"59":41263,"60":41263,"61":0,"62":41263,"63":41263,"64":41263,"65":41263,"66":41263,"67":41263,"68":41263,"69":41263,"70":4,"71":4,"72":0,"73":4,"74":4,"75":3,"76":3,"77":3,"78":0,"79":0,"80":0,"81":3,"82":3,"83":4,"84":1,"85":1,"86":0,"87":1,"88":1,"89":1,"90":1,"91":2,"92":1,"93":1,"94":1,"95":1,"96":1,"97":4,"98":4,"99":4,"100":20,"101":20,"102":20,"103":3,"104":4,"105":3,"106":4,"107":2,"108":2,"109":4,"110":41342,"111":41342,"112":41342,"113":41342,"114":41342,"115":41342,"116":19,"117":41342,"118":0,"119":4,"120":4,"121":4,"122":4,"123":4,"124":4,"125":4,"126":4,"127":0,"128":0,"129":2,"130":2,"131":2,"132":2,"133":2,"134":2,"135":2,"136":1,"137":2,"138":4},"f":{"0":4,"1":30,"2":38,"3":0,"4":0,"5":16,"6":0,"7":3,"8":2,"9":10,"10":13,"11":41263,"12":4,"13":1,"14":2,"15":4,"16":20,"17":3,"18":41342,"19":4,"20":2,"21":2},"b":{"0":[38,5],"1":[12],"2":[1,15],"3":[0,0],"4":[0,3],"5":[3,3],"6":[2,1],"7":[2,0],"8":[0,2],"9":[2,2],"10":[0,10],"11":[10,10],"12":[5,5],"13":[0,13],"14":[13,13],"15":[3,10],"16":[0,41263],"17":[0,4],"18":[4,4],"19":[3,1],"20":[3,0],"21":[3,3],"22":[0,0],"23":[0,0],"24":[0,1],"25":[1,1],"26":[0],"27":[3,17],"28":[2,2],"29":[19,41323],"30":[4,0],"31":[2,2],"32":[1,1]},"_coverageSchema":"1a1c01bbd47fc00a2c39e90264f33305004495a9","hash":"da0bf2b7ff98765d18e6128df2a7216f8db262f6"}
,"C:\\Portfolio\\111 to 1\\server\\src\\utils\\errors.js": {"path":"C:\\Portfolio\\111 to 1\\server\\src\\utils\\errors.js","statementMap":{"0":{"start":{"line":3,"column":4},"end":{"line":3,"column":19}},"1":{"start":{"line":4,"column":4},"end":{"line":4,"column":28}},"2":{"start":{"line":5,"column":4},"end":{"line":5,"column":21}},"3":{"start":{"line":6,"column":4},"end":{"line":6,"column":33}},"4":{"start":{"line":7,"column":4},"end":{"line":7,"column":52}},"5":{"start":{"line":13,"column":4},"end":{"line":13,"column":44}},"6":{"start":{"line":14,"column":4},"end":{"line":14,"column":34}},"7":{"start":{"line":15,"column":4},"end":{"line":15,"column":27}},"8":{"start":{"line":21,"column":20},"end":{"line":21,"column":92}},"9":{"start":{"line":22,"column":4},"end":{"line":22,"column":37}},"10":{"start":{"line":23,"column":4},"end":{"line":23,"column":32}},"11":{"start":{"line":24,"column":4},"end":{"line":24,"column":29}},"12":{"start":{"line":25,"column":4},"end":{"line":25,"column":33}},"13":{"start":{"line":31,"column":4},"end":{"line":31,"column":40}},"14":{"start":{"line":32,"column":4},"end":{"line":32,"column":36}},"15":{"start":{"line":38,"column":4},"end":{"line":38,"column":36}},"16":{"start":{"line":39,"column":4},"end":{"line":39,"column":32}},"17":{"start":{"line":45,"column":4},"end":{"line":45,"column":38}},"18":{"start":{"line":46,"column":4},"end":{"line":46,"column":33}},"19":{"start":{"line":52,"column":4},"end":{"line":52,"column":31}},"20":{"start":{"line":53,"column":4},"end":{"line":53,"column":36}},"21":{"start":{"line":59,"column":4},"end":{"line":59,"column":30}},"22":{"start":{"line":60,"column":4},"end":{"line":60,"column":38}},"23":{"start":{"line":66,"column":4},"end":{"line":66,"column":40}},"24":{"start":{"line":67,"column":4},"end":{"line":67,"column":35}},"25":{"start":{"line":68,"column":4},"end":{"line":68,"column":27}},"26":{"start":{"line":73,"column":2},"end":{"line":73,"column":36}},"27":{"start":{"line":77,"column":2},"end":{"line":79,"column":3}},"28":{"start":{"line":78,"column":4},"end":{"line":78,"column":17}},"29":{"start":{"line":81,"column":2},"end":{"line":83,"column":3}},"30":{"start":{"line":82,"column":4},"end":{"line":82,"column":61}},"31":{"start":{"line":85,"column":2},"end":{"line":87,"column":3}},"32":{"start":{"line":86,"column":4},"end":{"line":86,"column":63}},"33":{"start":{"line":89,"column":2},"end":{"line":93,"column":4}},"34":{"start":{"line":96,"column":0},"end":{"line":108,"column":2}}},"fnMap":{"0":{"name":"(anonymous_0)","decl":{"start":{"line":2,"column":2},"end":{"line":2,"column":3}},"loc":{"start":{"line":2,"column":47},"end":{"line":8,"column":3}},"line":2},"1":{"name":"(anonymous_1)","decl":{"start":{"line":12,"column":2},"end":{"line":12,"column":3}},"loc":{"start":{"line":12,"column":37},"end":{"line":16,"column":3}},"line":12},"2":{"name":"(anonymous_2)","decl":{"start":{"line":20,"column":2},"end":{"line":20,"column":3}},"loc":{"start":{"line":20,"column":36},"end":{"line":26,"column":3}},"line":20},"3":{"name":"(anonymous_3)","decl":{"start":{"line":30,"column":2},"end":{"line":30,"column":3}},"loc":{"start":{"line":30,"column":47},"end":{"line":33,"column":3}},"line":30},"4":{"name":"(anonymous_4)","decl":{"start":{"line":37,"column":2},"end":{"line":37,"column":3}},"loc":{"start":{"line":37,"column":23},"end":{"line":40,"column":3}},"line":37},"5":{"name":"(anonymous_5)","decl":{"start":{"line":44,"column":2},"end":{"line":44,"column":3}},"loc":{"start":{"line":44,"column":47},"end":{"line":47,"column":3}},"line":44},"6":{"name":"(anonymous_6)","decl":{"start":{"line":51,"column":2},"end":{"line":51,"column":3}},"loc":{"start":{"line":51,"column":22},"end":{"line":54,"column":3}},"line":51},"7":{"name":"(anonymous_7)","decl":{"start":{"line":58,"column":2},"end":{"line":58,"column":3}},"loc":{"start":{"line":58,"column":24},"end":{"line":61,"column":3}},"line":58},"8":{"name":"(anonymous_8)","decl":{"start":{"line":65,"column":2},"end":{"line":65,"column":3}},"loc":{"start":{"line":65,"column":37},"end":{"line":69,"column":3}},"line":65},"9":{"name":"isGameError","decl":{"start":{"line":72,"column":9},"end":{"line":72,"column":20}},"loc":{"start":{"line":72,"column":28},"end":{"line":74,"column":1}},"line":72},"10":{"name":"createGameError","decl":{"start":{"line":76,"column":9},"end":{"line":76,"column":24}},"loc":{"start":{"line":76,"column":32},"end":{"line":94,"column":1}},"line":76}},"branchMap":{"0":{"loc":{"start":{"line":2,"column":29},"end":{"line":2,"column":45}},"type":"default-arg","locations":[{"start":{"line":2,"column":42},"end":{"line":2,"column":45}}],"line":2},"1":{"loc":{"start":{"line":12,"column":23},"end":{"line":12,"column":35}},"type":"default-arg","locations":[{"start":{"line":12,"column":33},"end":{"line":12,"column":35}}],"line":12},"2":{"loc":{"start":{"line":21,"column":20},"end":{"line":21,"column":92}},"type":"cond-expr","locations":[{"start":{"line":21,"column":31},"end":{"line":21,"column":69}},{"start":{"line":21,"column":72},"end":{"line":21,"column":92}}],"line":21},"3":{"loc":{"start":{"line":30,"column":14},"end":{"line":30,"column":45}},"type":"default-arg","locations":[{"start":{"line":30,"column":24},"end":{"line":30,"column":45}}],"line":30},"4":{"loc":{"start":{"line":44,"column":14},"end":{"line":44,"column":45}},"type":"default-arg","locations":[{"start":{"line":44,"column":24},"end":{"line":44,"column":45}}],"line":44},"5":{"loc":{"start":{"line":65,"column":23},"end":{"line":65,"column":35}},"type":"default-arg","locations":[{"start":{"line":65,"column":33},"end":{"line":65,"column":35}}],"line":65},"6":{"loc":{"start":{"line":77,"column":2},"end":{"line":79,"column":3}},"type":"if","locations":[{"start":{"line":77,"column":2},"end":{"line":79,"column":3}},{"start":{},"end":{}}],"line":77},"7":{"loc":{"start":{"line":81,"column":2},"end":{"line":83,"column":3}},"type":"if","locations":[{"start":{"line":81,"column":2},"end":{"line":83,"column":3}},{"start":{},"end":{}}],"line":81},"8":{"loc":{"start":{"line":85,"column":2},"end":{"line":87,"column":3}},"type":"if","locations":[{"start":{"line":85,"column":2},"end":{"line":87,"column":3}},{"start":{},"end":{}}],"line":85}},"s":{"0":0,"1":0,"2":0,"3":0,"4":0,"5":0,"6":0,"7":0,"8":0,"9":0,"10":0,"11":0,"12":0,"13":0,"14":0,"15":0,"16":0,"17":0,"18":0,"19":0,"20":0,"21":0,"22":0,"23":0,"24":0,"25":0,"26":0,"27":0,"28":0,"29":0,"30":0,"31":0,"32":0,"33":0,"34":0},"f":{"0":0,"1":0,"2":0,"3":0,"4":0,"5":0,"6":0,"7":0,"8":0,"9":0,"10":0},"b":{"0":[0],"1":[0],"2":[0,0],"3":[0],"4":[0],"5":[0],"6":[0,0],"7":[0,0],"8":[0,0]}}
,"C:\\Portfolio\\111 to 1\\server\\src\\utils\\logger.js": {"path":"C:\\Portfolio\\111 to 1\\server\\src\\utils\\logger.js","statementMap":{"0":{"start":{"line":1,"column":16},"end":{"line":1,"column":34}},"1":{"start":{"line":2,"column":13},"end":{"line":2,"column":28}},"2":{"start":{"line":4,"column":15},"end":{"line":4,"column":44}},"3":{"start":{"line":6,"column":18},"end":{"line":12,"column":2}},"4":{"start":{"line":7,"column":16},"end":{"line":7,"column":18}},"5":{"start":{"line":8,"column":2},"end":{"line":10,"column":3}},"6":{"start":{"line":9,"column":4},"end":{"line":9,"column":39}},"7":{"start":{"line":11,"column":2},"end":{"line":11,"column":72}},"8":{"start":{"line":14,"column":15},"end":{"line":48,"column":2}},"9":{"start":{"line":50,"column":0},"end":{"line":52,"column":1}},"10":{"start":{"line":51,"column":2},"end":{"line":51,"column":23}},"11":{"start":{"line":54,"column":0},"end":{"line":54,"column":24}}},"fnMap":{"0":{"name":"(anonymous_0)","decl":{"start":{"line":6,"column":40},"end":{"line":6,"column":41}},"loc":{"start":{"line":6,"column":88},"end":{"line":12,"column":1}},"line":6}},"branchMap":{"0":{"loc":{"start":{"line":4,"column":15},"end":{"line":4,"column":44}},"type":"binary-expr","locations":[{"start":{"line":4,"column":15},"end":{"line":4,"column":34}},{"start":{"line":4,"column":38},"end":{"line":4,"column":44}}],"line":4},"1":{"loc":{"start":{"line":8,"column":2},"end":{"line":10,"column":3}},"type":"if","locations":[{"start":{"line":8,"column":2},"end":{"line":10,"column":3}},{"start":{},"end":{}}],"line":8},"2":{"loc":{"start":{"line":8,"column":6},"end":{"line":8,"column":72}},"type":"binary-expr","locations":[{"start":{"line":8,"column":6},"end":{"line":8,"column":38}},{"start":{"line":8,"column":42},"end":{"line":8,"column":72}}],"line":8},"3":{"loc":{"start":{"line":15,"column":9},"end":{"line":15,"column":40}},"type":"binary-expr","locations":[{"start":{"line":15,"column":9},"end":{"line":15,"column":30}},{"start":{"line":15,"column":34},"end":{"line":15,"column":40}}],"line":15},"4":{"loc":{"start":{"line":50,"column":0},"end":{"line":52,"column":1}},"type":"if","locations":[{"start":{"line":50,"column":0},"end":{"line":52,"column":1}},{"start":{},"end":{}}],"line":50}},"s":{"0":8,"1":8,"2":8,"3":8,"4":0,"5":0,"6":0,"7":0,"8":8,"9":8,"10":8,"11":8},"f":{"0":0},"b":{"0":[8,8],"1":[0,0],"2":[0,0],"3":[8,0],"4":[8,0]},"_coverageSchema":"1a1c01bbd47fc00a2c39e90264f33305004495a9","hash":"02338bd71b5b9a3a8177aa3a50cf0d150eeebb88"}
,"C:\\Portfolio\\111 to 1\\server\\src\\validators\\room.validator.js": {"path":"C:\\Portfolio\\111 to 1\\server\\src\\validators\\room.validator.js","statementMap":{"0":{"start":{"line":1,"column":12},"end":{"line":1,"column":26}},"1":{"start":{"line":2,"column":15},"end":{"line":2,"column":41}},"2":{"start":{"line":4,"column":28},"end":{"line":12,"column":1}},"3":{"start":{"line":5,"column":2},"end":{"line":5,"column":70}},"4":{"start":{"line":6,"column":2},"end":{"line":11,"column":4}},"5":{"start":{"line":10,"column":40},"end":{"line":10,"column":49}},"6":{"start":{"line":14,"column":23},"end":{"line":187,"column":1}},"7":{"start":{"line":16,"column":19},"end":{"line":22,"column":6}},"8":{"start":{"line":24,"column":29},"end":{"line":24,"column":50}},"9":{"start":{"line":25,"column":4},"end":{"line":27,"column":5}},"10":{"start":{"line":26,"column":6},"end":{"line":26,"column":55}},"11":{"start":{"line":28,"column":4},"end":{"line":28,"column":42}},"12":{"start":{"line":32,"column":19},"end":{"line":43,"column":6}},"13":{"start":{"line":45,"column":29},"end":{"line":45,"column":50}},"14":{"start":{"line":46,"column":4},"end":{"line":48,"column":5}},"15":{"start":{"line":47,"column":6},"end":{"line":47,"column":55}},"16":{"start":{"line":49,"column":4},"end":{"line":49,"column":42}},"17":{"start":{"line":53,"column":19},"end":{"line":60,"column":6}},"18":{"start":{"line":62,"column":29},"end":{"line":62,"column":50}},"19":{"start":{"line":63,"column":4},"end":{"line":65,"column":5}},"20":{"start":{"line":64,"column":6},"end":{"line":64,"column":55}},"21":{"start":{"line":66,"column":4},"end":{"line":66,"column":42}},"22":{"start":{"line":70,"column":19},"end":{"line":77,"column":6}},"23":{"start":{"line":79,"column":29},"end":{"line":79,"column":50}},"24":{"start":{"line":80,"column":4},"end":{"line":82,"column":5}},"25":{"start":{"line":81,"column":6},"end":{"line":81,"column":55}},"26":{"start":{"line":83,"column":4},"end":{"line":83,"column":42}},"27":{"start":{"line":87,"column":19},"end":{"line":89,"column":6}},"28":{"start":{"line":91,"column":29},"end":{"line":91,"column":50}},"29":{"start":{"line":92,"column":4},"end":{"line":94,"column":5}},"30":{"start":{"line":93,"column":6},"end":{"line":93,"column":55}},"31":{"start":{"line":95,"column":4},"end":{"line":95,"column":42}},"32":{"start":{"line":99,"column":19},"end":{"line":101,"column":6}},"33":{"start":{"line":103,"column":29},"end":{"line":103,"column":50}},"34":{"start":{"line":104,"column":4},"end":{"line":106,"column":5}},"35":{"start":{"line":105,"column":6},"end":{"line":105,"column":55}},"36":{"start":{"line":107,"column":4},"end":{"line":107,"column":42}},"37":{"start":{"line":111,"column":19},"end":{"line":118,"column":6}},"38":{"start":{"line":120,"column":29},"end":{"line":120,"column":50}},"39":{"start":{"line":121,"column":4},"end":{"line":123,"column":5}},"40":{"start":{"line":122,"column":6},"end":{"line":122,"column":55}},"41":{"start":{"line":124,"column":4},"end":{"line":124,"column":42}},"42":{"start":{"line":128,"column":19},"end":{"line":140,"column":6}},"43":{"start":{"line":142,"column":29},"end":{"line":142,"column":50}},"44":{"start":{"line":143,"column":4},"end":{"line":145,"column":5}},"45":{"start":{"line":144,"column":6},"end":{"line":144,"column":55}},"46":{"start":{"line":146,"column":4},"end":{"line":146,"column":42}},"47":{"start":{"line":150,"column":19},"end":{"line":154,"column":6}},"48":{"start":{"line":156,"column":29},"end":{"line":156,"column":50}},"49":{"start":{"line":157,"column":4},"end":{"line":159,"column":5}},"50":{"start":{"line":158,"column":6},"end":{"line":158,"column":55}},"51":{"start":{"line":160,"column":4},"end":{"line":160,"column":42}},"52":{"start":{"line":164,"column":19},"end":{"line":166,"column":6}},"53":{"start":{"line":168,"column":29},"end":{"line":168,"column":50}},"54":{"start":{"line":169,"column":4},"end":{"line":171,"column":5}},"55":{"start":{"line":170,"column":6},"end":{"line":170,"column":55}},"56":{"start":{"line":172,"column":4},"end":{"line":172,"column":42}},"57":{"start":{"line":176,"column":19},"end":{"line":179,"column":6}},"58":{"start":{"line":181,"column":29},"end":{"line":181,"column":50}},"59":{"start":{"line":182,"column":4},"end":{"line":184,"column":5}},"60":{"start":{"line":183,"column":6},"end":{"line":183,"column":55}},"61":{"start":{"line":185,"column":4},"end":{"line":185,"column":42}},"62":{"start":{"line":189,"column":0},"end":{"line":189,"column":32}}},"fnMap":{"0":{"name":"(anonymous_0)","decl":{"start":{"line":4,"column":28},"end":{"line":4,"column":29}},"loc":{"start":{"line":4,"column":48},"end":{"line":12,"column":1}},"line":4},"1":{"name":"(anonymous_1)","decl":{"start":{"line":10,"column":35},"end":{"line":10,"column":36}},"loc":{"start":{"line":10,"column":40},"end":{"line":10,"column":49}},"line":10},"2":{"name":"(anonymous_2)","decl":{"start":{"line":15,"column":22},"end":{"line":15,"column":23}},"loc":{"start":{"line":15,"column":32},"end":{"line":29,"column":3}},"line":15},"3":{"name":"(anonymous_3)","decl":{"start":{"line":31,"column":20},"end":{"line":31,"column":21}},"loc":{"start":{"line":31,"column":30},"end":{"line":50,"column":3}},"line":31},"4":{"name":"(anonymous_4)","decl":{"start":{"line":52,"column":19},"end":{"line":52,"column":20}},"loc":{"start":{"line":52,"column":29},"end":{"line":67,"column":3}},"line":52},"5":{"name":"(anonymous_5)","decl":{"start":{"line":69,"column":24},"end":{"line":69,"column":25}},"loc":{"start":{"line":69,"column":34},"end":{"line":84,"column":3}},"line":69},"6":{"name":"(anonymous_6)","decl":{"start":{"line":86,"column":22},"end":{"line":86,"column":23}},"loc":{"start":{"line":86,"column":32},"end":{"line":96,"column":3}},"line":86},"7":{"name":"(anonymous_7)","decl":{"start":{"line":98,"column":22},"end":{"line":98,"column":23}},"loc":{"start":{"line":98,"column":32},"end":{"line":108,"column":3}},"line":98},"8":{"name":"(anonymous_8)","decl":{"start":{"line":110,"column":23},"end":{"line":110,"column":24}},"loc":{"start":{"line":110,"column":33},"end":{"line":125,"column":3}},"line":110},"9":{"name":"(anonymous_9)","decl":{"start":{"line":127,"column":21},"end":{"line":127,"column":22}},"loc":{"start":{"line":127,"column":31},"end":{"line":147,"column":3}},"line":127},"10":{"name":"(anonymous_10)","decl":{"start":{"line":149,"column":23},"end":{"line":149,"column":24}},"loc":{"start":{"line":149,"column":33},"end":{"line":161,"column":3}},"line":149},"11":{"name":"(anonymous_11)","decl":{"start":{"line":163,"column":23},"end":{"line":163,"column":24}},"loc":{"start":{"line":163,"column":33},"end":{"line":173,"column":3}},"line":163},"12":{"name":"(anonymous_12)","decl":{"start":{"line":175,"column":23},"end":{"line":175,"column":24}},"loc":{"start":{"line":175,"column":33},"end":{"line":186,"column":3}},"line":175}},"branchMap":{"0":{"loc":{"start":{"line":10,"column":13},"end":{"line":10,"column":55}},"type":"cond-expr","locations":[{"start":{"line":10,"column":23},"end":{"line":10,"column":50}},{"start":{"line":10,"column":53},"end":{"line":10,"column":55}}],"line":10},"1":{"loc":{"start":{"line":25,"column":4},"end":{"line":27,"column":5}},"type":"if","locations":[{"start":{"line":25,"column":4},"end":{"line":27,"column":5}},{"start":{},"end":{}}],"line":25},"2":{"loc":{"start":{"line":46,"column":4},"end":{"line":48,"column":5}},"type":"if","locations":[{"start":{"line":46,"column":4},"end":{"line":48,"column":5}},{"start":{},"end":{}}],"line":46},"3":{"loc":{"start":{"line":63,"column":4},"end":{"line":65,"column":5}},"type":"if","locations":[{"start":{"line":63,"column":4},"end":{"line":65,"column":5}},{"start":{},"end":{}}],"line":63},"4":{"loc":{"start":{"line":80,"column":4},"end":{"line":82,"column":5}},"type":"if","locations":[{"start":{"line":80,"column":4},"end":{"line":82,"column":5}},{"start":{},"end":{}}],"line":80},"5":{"loc":{"start":{"line":92,"column":4},"end":{"line":94,"column":5}},"type":"if","locations":[{"start":{"line":92,"column":4},"end":{"line":94,"column":5}},{"start":{},"end":{}}],"line":92},"6":{"loc":{"start":{"line":104,"column":4},"end":{"line":106,"column":5}},"type":"if","locations":[{"start":{"line":104,"column":4},"end":{"line":106,"column":5}},{"start":{},"end":{}}],"line":104},"7":{"loc":{"start":{"line":121,"column":4},"end":{"line":123,"column":5}},"type":"if","locations":[{"start":{"line":121,"column":4},"end":{"line":123,"column":5}},{"start":{},"end":{}}],"line":121},"8":{"loc":{"start":{"line":143,"column":4},"end":{"line":145,"column":5}},"type":"if","locations":[{"start":{"line":143,"column":4},"end":{"line":145,"column":5}},{"start":{},"end":{}}],"line":143},"9":{"loc":{"start":{"line":157,"column":4},"end":{"line":159,"column":5}},"type":"if","locations":[{"start":{"line":157,"column":4},"end":{"line":159,"column":5}},{"start":{},"end":{}}],"line":157},"10":{"loc":{"start":{"line":169,"column":4},"end":{"line":171,"column":5}},"type":"if","locations":[{"start":{"line":169,"column":4},"end":{"line":171,"column":5}},{"start":{},"end":{}}],"line":169},"11":{"loc":{"start":{"line":182,"column":4},"end":{"line":184,"column":5}},"type":"if","locations":[{"start":{"line":182,"column":4},"end":{"line":184,"column":5}},{"start":{},"end":{}}],"line":182}},"s":{"0":3,"1":3,"2":3,"3":19,"4":19,"5":19,"6":3,"7":10,"8":10,"9":10,"10":5,"11":5,"12":21,"13":21,"14":21,"15":5,"16":16,"17":4,"18":4,"19":4,"20":1,"21":3,"22":4,"23":4,"24":4,"25":3,"26":1,"27":2,"28":2,"29":2,"30":1,"31":1,"32":9,"33":9,"34":9,"35":0,"36":9,"37":10,"38":10,"39":10,"40":1,"41":9,"42":41269,"43":41269,"44":41269,"45":1,"46":41268,"47":3,"48":3,"49":3,"50":1,"51":2,"52":1,"53":1,"54":1,"55":0,"56":1,"57":4,"58":4,"59":4,"60":1,"61":3,"62":3},"f":{"0":19,"1":19,"2":10,"3":21,"4":4,"5":4,"6":2,"7":9,"8":10,"9":41269,"10":3,"11":1,"12":4},"b":{"0":[19,0],"1":[5,5],"2":[5,16],"3":[1,3],"4":[3,1],"5":[1,1],"6":[0,9],"7":[1,9],"8":[1,41268],"9":[1,2],"10":[0,1],"11":[1,3]},"_coverageSchema":"1a1c01bbd47fc00a2c39e90264f33305004495a9","hash":"6818032bb26482510f58bcc95c949231c75680d5"}
}
