TN:
SF:src\server.js
FN:27,(anonymous_0)
FN:39,(anonymous_1)
FN:60,(anonymous_2)
FN:69,(anonymous_3)
FN:73,(anonymous_4)
FN:77,(anonymous_5)
FN:81,(anonymous_6)
FN:85,(anonymous_7)
FN:89,(anonymous_8)
FN:93,(anonymous_9)
FN:97,(anonymous_10)
FN:101,(anonymous_11)
FN:105,(anonymous_12)
FN:109,(anonymous_13)
FN:113,(anonymous_14)
FN:126,(anonymous_15)
FN:135,(anonymous_16)
FN:143,(anonymous_17)
FN:146,(anonymous_18)
FN:149,(anonymous_19)
FN:156,(anonymous_20)
FN:163,(anonymous_21)
FN:164,(anonymous_22)
FN:166,(anonymous_23)
FN:174,(anonymous_24)
FNF:25
FNH:0
FNDA:0,(anonymous_0)
FNDA:0,(anonymous_1)
FNDA:0,(anonymous_2)
FNDA:0,(anonymous_3)
FNDA:0,(anonymous_4)
FNDA:0,(anonymous_5)
FNDA:0,(anonymous_6)
FNDA:0,(anonymous_7)
FNDA:0,(anonymous_8)
FNDA:0,(anonymous_9)
FNDA:0,(anonymous_10)
FNDA:0,(anonymous_11)
FNDA:0,(anonymous_12)
FNDA:0,(anonymous_13)
FNDA:0,(anonymous_14)
FNDA:0,(anonymous_15)
FNDA:0,(anonymous_16)
FNDA:0,(anonymous_17)
FNDA:0,(anonymous_18)
FNDA:0,(anonymous_19)
FNDA:0,(anonymous_20)
FNDA:0,(anonymous_21)
FNDA:0,(anonymous_22)
FNDA:0,(anonymous_23)
FNDA:0,(anonymous_24)
DA:1,0
DA:2,0
DA:3,0
DA:4,0
DA:5,0
DA:6,0
DA:7,0
DA:8,0
DA:9,0
DA:10,0
DA:12,0
DA:13,0
DA:15,0
DA:22,0
DA:23,0
DA:24,0
DA:25,0
DA:27,0
DA:28,0
DA:29,0
DA:39,0
DA:40,0
DA:41,0
DA:42,0
DA:47,0
DA:48,0
DA:55,0
DA:56,0
DA:58,0
DA:60,0
DA:61,0
DA:63,0
DA:69,0
DA:70,0
DA:73,0
DA:74,0
DA:77,0
DA:78,0
DA:81,0
DA:82,0
DA:85,0
DA:86,0
DA:89,0
DA:90,0
DA:93,0
DA:94,0
DA:97,0
DA:98,0
DA:101,0
DA:102,0
DA:105,0
DA:106,0
DA:109,0
DA:110,0
DA:113,0
DA:114,0
DA:121,0
DA:124,0
DA:126,0
DA:127,0
DA:133,0
DA:135,0
DA:136,0
DA:137,0
DA:138,0
DA:143,0
DA:144,0
DA:146,0
DA:147,0
DA:149,0
DA:150,0
DA:151,0
DA:152,0
DA:153,0
DA:156,0
DA:157,0
DA:158,0
DA:163,0
DA:164,0
DA:166,0
DA:167,0
DA:171,0
DA:174,0
DA:175,0
DA:181,0
LF:85
LH:0
BRDA:61,0,0,0
BRDA:61,0,1,0
BRDA:137,1,0,0
BRDA:137,1,1,0
BRF:4
BRH:0
end_of_record
TN:
SF:src\config\config.js
FNF:0
FNH:0
DA:1,13
DA:2,13
DA:3,13
DA:5,13
DA:19,13
DA:21,13
DA:22,13
DA:25,0
DA:44,0
DA:51,0
LF:10
LH:7
BRDA:21,0,0,13
BRDA:21,0,1,0
BRF:2
BRH:1
end_of_record
TN:
SF:src\controllers\room.controller.js
FN:6,(anonymous_0)
FN:26,(anonymous_1)
FN:62,(anonymous_2)
FN:73,(anonymous_3)
FN:88,(anonymous_4)
FN:116,(anonymous_5)
FN:139,(anonymous_6)
FN:162,(anonymous_7)
FN:188,(anonymous_8)
FN:209,(anonymous_9)
FN:232,(anonymous_10)
FN:253,(anonymous_11)
FNF:12
FNH:12
FNDA:9,(anonymous_0)
FNDA:20,(anonymous_1)
FNDA:3,(anonymous_2)
FNDA:2,(anonymous_3)
FNDA:3,(anonymous_4)
FNDA:2,(anonymous_5)
FNDA:10,(anonymous_6)
FNDA:10,(anonymous_7)
FNDA:41265,(anonymous_8)
FNDA:2,(anonymous_9)
FNDA:2,(anonymous_10)
FNDA:2,(anonymous_11)
DA:1,2
DA:2,2
DA:3,2
DA:7,9
DA:8,9
DA:9,9
DA:10,3
DA:11,3
DA:14,6
DA:15,5
DA:17,5
DA:18,5
DA:21,1
DA:22,1
DA:27,20
DA:28,20
DA:29,20
DA:30,4
DA:31,4
DA:34,16
DA:35,16
DA:37,16
DA:38,1
DA:39,1
DA:40,1
DA:43,15
DA:45,15
DA:46,14
DA:47,14
DA:48,13
DA:50,1
DA:53,14
DA:54,14
DA:57,1
DA:58,1
DA:63,3
DA:64,3
DA:65,3
DA:66,1
DA:67,1
DA:70,2
DA:71,2
DA:73,2
DA:74,2
DA:75,1
DA:76,1
DA:79,2
DA:80,2
DA:83,0
DA:84,0
DA:89,3
DA:90,3
DA:91,3
DA:92,2
DA:93,2
DA:96,1
DA:97,1
DA:99,1
DA:101,1
DA:107,1
DA:108,1
DA:111,0
DA:112,0
DA:117,2
DA:118,2
DA:119,2
DA:120,1
DA:121,1
DA:124,1
DA:125,1
DA:127,1
DA:129,1
DA:130,1
DA:131,1
DA:134,0
DA:135,0
DA:140,10
DA:141,10
DA:142,10
DA:143,1
DA:144,1
DA:147,9
DA:148,9
DA:150,9
DA:152,9
DA:153,9
DA:154,9
DA:157,0
DA:158,0
DA:163,10
DA:164,10
DA:165,10
DA:166,1
DA:167,1
DA:170,9
DA:171,9
DA:173,9
DA:175,9
DA:179,9
DA:180,9
DA:183,0
DA:184,0
DA:189,41265
DA:190,41265
DA:191,41265
DA:192,1
DA:193,1
DA:196,41264
DA:197,41264
DA:199,41264
DA:200,41264
DA:201,41264
DA:204,0
DA:205,0
DA:210,2
DA:211,2
DA:212,2
DA:213,1
DA:214,1
DA:217,1
DA:218,1
DA:220,1
DA:222,1
DA:223,1
DA:224,1
DA:227,0
DA:228,0
DA:233,2
DA:234,2
DA:235,2
DA:236,1
DA:237,1
DA:240,1
DA:241,1
DA:243,1
DA:244,1
DA:245,1
DA:248,0
DA:249,0
DA:254,2
DA:255,2
DA:256,2
DA:257,1
DA:258,1
DA:261,1
DA:262,1
DA:265,0
DA:266,0
DA:271,2
LF:149
LH:131
BRDA:9,0,0,3
BRDA:9,0,1,6
BRDA:29,1,0,4
BRDA:29,1,1,16
BRDA:37,2,0,1
BRDA:37,2,1,15
BRDA:45,3,0,14
BRDA:45,3,1,1
BRDA:65,4,0,1
BRDA:65,4,1,2
BRDA:71,5,0,0
BRDA:71,5,1,2
BRDA:74,6,0,1
BRDA:74,6,1,1
BRDA:91,7,0,2
BRDA:91,7,1,1
BRDA:97,8,0,0
BRDA:97,8,1,1
BRDA:119,9,0,1
BRDA:119,9,1,1
BRDA:125,10,0,0
BRDA:125,10,1,1
BRDA:142,11,0,1
BRDA:142,11,1,9
BRDA:148,12,0,0
BRDA:148,12,1,9
BRDA:165,13,0,1
BRDA:165,13,1,9
BRDA:171,14,0,0
BRDA:171,14,1,9
BRDA:191,15,0,1
BRDA:191,15,1,41264
BRDA:197,16,0,0
BRDA:197,16,1,41264
BRDA:212,17,0,1
BRDA:212,17,1,1
BRDA:218,18,0,0
BRDA:218,18,1,1
BRDA:235,19,0,1
BRDA:235,19,1,1
BRDA:241,20,0,0
BRDA:241,20,1,1
BRDA:256,21,0,1
BRDA:256,21,1,1
BRF:44
BRH:36
end_of_record
TN:
SF:src\middlewares\enhancedErrorHandler.js
FN:4,(anonymous_0)
FN:40,(anonymous_1)
FN:41,(anonymous_2)
FN:46,(anonymous_3)
FN:47,(anonymous_4)
FN:54,(anonymous_5)
FN:80,(anonymous_6)
FN:81,(anonymous_7)
FN:103,(anonymous_8)
FN:104,(anonymous_9)
FN:113,(anonymous_10)
FN:134,(anonymous_11)
FN:149,getSafeErrorMessage
FN:157,(anonymous_13)
FN:166,(anonymous_14)
FN:183,(anonymous_15)
FN:197,(anonymous_16)
FNF:17
FNH:0
FNDA:0,(anonymous_0)
FNDA:0,(anonymous_1)
FNDA:0,(anonymous_2)
FNDA:0,(anonymous_3)
FNDA:0,(anonymous_4)
FNDA:0,(anonymous_5)
FNDA:0,(anonymous_6)
FNDA:0,(anonymous_7)
FNDA:0,(anonymous_8)
FNDA:0,(anonymous_9)
FNDA:0,(anonymous_10)
FNDA:0,(anonymous_11)
FNDA:0,getSafeErrorMessage
FNDA:0,(anonymous_13)
FNDA:0,(anonymous_14)
FNDA:0,(anonymous_15)
FNDA:0,(anonymous_16)
DA:1,0
DA:2,0
DA:4,0
DA:5,0
DA:7,0
DA:17,0
DA:19,0
DA:30,0
DA:31,0
DA:32,0
DA:35,0
DA:37,0
DA:40,0
DA:41,0
DA:42,0
DA:46,0
DA:47,0
DA:48,0
DA:53,0
DA:54,0
DA:60,0
DA:65,0
DA:75,0
DA:76,0
DA:80,0
DA:81,0
DA:82,0
DA:84,0
DA:93,0
DA:103,0
DA:104,0
DA:105,0
DA:106,0
DA:108,0
DA:113,0
DA:114,0
DA:120,0
DA:125,0
DA:134,0
DA:135,0
DA:141,0
DA:150,0
DA:151,0
DA:154,0
DA:157,0
DA:158,0
DA:166,0
DA:167,0
DA:172,0
DA:173,0
DA:175,0
DA:183,0
DA:184,0
DA:185,0
DA:188,0
DA:189,0
DA:192,0
DA:193,0
DA:197,0
DA:198,0
DA:200,0
DA:201,0
DA:204,0
DA:205,0
DA:211,0
LF:65
LH:0
BRDA:22,0,0,0
BRDA:22,0,1,0
BRDA:30,1,0,0
BRDA:30,1,1,0
BRDA:35,2,0,0
BRDA:35,2,1,0
BRDA:53,3,0,0
BRDA:53,3,1,0
BRDA:138,4,0,0
BRDA:138,4,1,0
BRDA:150,5,0,0
BRDA:150,5,1,0
BRDA:157,6,0,0
BRDA:157,7,0,0
BRDA:172,8,0,0
BRDA:172,8,1,0
BRDA:173,9,0,0
BRDA:173,9,1,0
BRDA:177,10,0,0
BRDA:177,10,1,0
BRDA:184,11,0,0
BRDA:184,11,1,0
BRDA:188,12,0,0
BRDA:188,12,1,0
BRDA:192,13,0,0
BRDA:192,13,1,0
BRDA:200,14,0,0
BRDA:200,14,1,0
BRDA:204,15,0,0
BRDA:204,15,1,0
BRF:30
BRH:0
end_of_record
TN:
SF:src\middlewares\errorHandler.js
FN:3,(anonymous_0)
FN:28,(anonymous_1)
FN:29,(anonymous_2)
FN:43,(anonymous_3)
FN:44,(anonymous_4)
FN:49,(anonymous_5)
FNF:6
FNH:6
FNDA:8,(anonymous_0)
FNDA:8,(anonymous_1)
FNDA:7,(anonymous_2)
FNDA:7,(anonymous_3)
FNDA:7,(anonymous_4)
FNDA:9,(anonymous_5)
DA:1,2
DA:3,2
DA:4,8
DA:11,8
DA:13,8
DA:19,8
DA:20,7
DA:23,8
DA:25,8
DA:28,2
DA:29,8
DA:30,7
DA:36,7
DA:43,2
DA:44,7
DA:45,7
DA:49,2
DA:50,9
DA:55,9
DA:62,2
LF:20
LH:20
BRDA:15,0,0,8
BRDA:15,0,1,2
BRDA:19,1,0,7
BRDA:19,1,1,1
BRDA:23,2,0,8
BRDA:23,2,1,4
BRDA:23,2,2,3
BRDA:38,3,0,7
BRDA:38,3,1,5
BRF:9
BRH:9
end_of_record
TN:
SF:src\middlewares\rateLimiter.js
FN:15,(anonymous_0)
FN:26,(anonymous_1)
FNF:2
FNH:0
FNDA:0,(anonymous_0)
FNDA:0,(anonymous_1)
DA:1,13
DA:2,13
DA:3,13
DA:5,0
DA:16,0
DA:20,0
DA:27,0
DA:31,0
LF:8
LH:3
BRF:0
BRH:0
end_of_record
TN:
SF:src\middlewares\security.js
FN:21,(anonymous_0)
FN:38,(anonymous_1)
FNF:2
FNH:2
FNDA:9,(anonymous_0)
FNDA:9,(anonymous_1)
DA:1,1
DA:2,1
DA:4,1
DA:21,1
DA:22,9
DA:23,9
DA:25,9
DA:31,9
DA:32,6
DA:33,6
DA:38,6
DA:39,9
DA:42,6
DA:43,3
DA:48,3
DA:52,6
DA:55,1
LF:17
LH:17
BRDA:23,0,0,9
BRDA:23,0,1,7
BRDA:31,1,0,6
BRDA:31,1,1,3
BRDA:39,2,0,9
BRDA:39,2,1,5
BRDA:42,3,0,3
BRDA:42,3,1,3
BRF:8
BRH:8
end_of_record
TN:
SF:src\services\room.service.js
FN:5,(anonymous_0)
FN:10,(anonymous_1)
FN:42,(anonymous_2)
FN:46,(anonymous_3)
FN:50,(anonymous_4)
FN:54,(anonymous_5)
FN:74,(anonymous_6)
FN:91,(anonymous_7)
FN:112,(anonymous_8)
FN:126,(anonymous_9)
FN:140,(anonymous_10)
FN:161,(anonymous_11)
FN:179,(anonymous_12)
FN:203,(anonymous_13)
FN:221,(anonymous_14)
FN:234,(anonymous_15)
FN:238,(anonymous_16)
FN:247,(anonymous_17)
FN:262,(anonymous_18)
FN:279,(anonymous_19)
FN:296,(anonymous_20)
FN:304,(anonymous_21)
FNF:22
FNH:19
FNDA:4,(anonymous_0)
FNDA:30,(anonymous_1)
FNDA:38,(anonymous_2)
FNDA:0,(anonymous_3)
FNDA:0,(anonymous_4)
FNDA:16,(anonymous_5)
FNDA:0,(anonymous_6)
FNDA:3,(anonymous_7)
FNDA:2,(anonymous_8)
FNDA:10,(anonymous_9)
FNDA:13,(anonymous_10)
FNDA:41263,(anonymous_11)
FNDA:4,(anonymous_12)
FNDA:1,(anonymous_13)
FNDA:2,(anonymous_14)
FNDA:4,(anonymous_15)
FNDA:20,(anonymous_16)
FNDA:3,(anonymous_17)
FNDA:41342,(anonymous_18)
FNDA:4,(anonymous_19)
FNDA:2,(anonymous_20)
FNDA:2,(anonymous_21)
DA:1,4
DA:2,4
DA:6,4
DA:7,4
DA:11,30
DA:13,30
DA:36,30
DA:37,30
DA:39,30
DA:43,38
DA:47,0
DA:51,0
DA:55,16
DA:56,1
DA:59,15
DA:66,15
DA:68,15
DA:69,15
DA:71,15
DA:75,0
DA:76,0
DA:79,0
DA:85,0
DA:86,0
DA:88,0
DA:92,3
DA:93,3
DA:94,0
DA:97,3
DA:99,3
DA:100,2
DA:101,2
DA:102,2
DA:105,2
DA:106,2
DA:109,3
DA:113,2
DA:114,2
DA:115,0
DA:118,2
DA:120,2
DA:121,2
DA:123,2
DA:127,10
DA:128,10
DA:129,0
DA:132,10
DA:134,10
DA:135,10
DA:137,10
DA:141,13
DA:142,13
DA:143,0
DA:146,13
DA:147,3
DA:149,10
DA:152,13
DA:156,13
DA:158,13
DA:162,41263
DA:163,41263
DA:164,0
DA:167,41263
DA:168,41263
DA:169,41263
DA:170,41263
DA:171,41263
DA:173,41263
DA:174,41263
DA:176,41263
DA:180,4
DA:181,4
DA:182,0
DA:185,4
DA:187,4
DA:188,3
DA:189,3
DA:190,3
DA:191,0
DA:192,0
DA:193,0
DA:196,3
DA:197,3
DA:200,4
DA:204,1
DA:205,1
DA:206,0
DA:209,1
DA:215,1
DA:216,1
DA:218,1
DA:222,2
DA:223,1
DA:226,1
DA:228,1
DA:229,1
DA:231,1
DA:235,4
DA:236,4
DA:238,4
DA:239,20
DA:240,20
DA:242,20
DA:243,3
DA:247,4
DA:248,3
DA:251,4
DA:252,2
DA:256,2
DA:259,4
DA:263,41342
DA:264,41342
DA:265,41342
DA:266,41342
DA:267,41342
DA:269,41342
DA:270,19
DA:273,41342
DA:275,0
DA:280,4
DA:281,4
DA:282,4
DA:283,4
DA:285,4
DA:286,4
DA:287,4
DA:288,4
DA:291,0
DA:292,0
DA:297,2
DA:304,2
DA:305,2
DA:306,2
DA:308,2
DA:309,2
DA:310,2
DA:311,1
DA:315,2
DA:319,4
LF:139
LH:118
BRDA:43,0,0,38
BRDA:43,0,1,5
BRDA:54,1,0,12
BRDA:55,2,0,1
BRDA:55,2,1,15
BRDA:75,3,0,0
BRDA:75,3,1,0
BRDA:93,4,0,0
BRDA:93,4,1,3
BRDA:93,5,0,3
BRDA:93,5,1,3
BRDA:99,6,0,2
BRDA:99,6,1,1
BRDA:101,7,0,2
BRDA:101,7,1,0
BRDA:114,8,0,0
BRDA:114,8,1,2
BRDA:114,9,0,2
BRDA:114,9,1,2
BRDA:128,10,0,0
BRDA:128,10,1,10
BRDA:128,11,0,10
BRDA:128,11,1,10
BRDA:132,12,0,5
BRDA:132,12,1,5
BRDA:142,13,0,0
BRDA:142,13,1,13
BRDA:142,14,0,13
BRDA:142,14,1,13
BRDA:146,15,0,3
BRDA:146,15,1,10
BRDA:163,16,0,0
BRDA:163,16,1,41263
BRDA:181,17,0,0
BRDA:181,17,1,4
BRDA:181,18,0,4
BRDA:181,18,1,4
BRDA:187,19,0,3
BRDA:187,19,1,1
BRDA:188,20,0,3
BRDA:188,20,1,0
BRDA:188,21,0,3
BRDA:188,21,1,3
BRDA:191,22,0,0
BRDA:191,22,1,0
BRDA:191,23,0,0
BRDA:191,23,1,0
BRDA:205,24,0,0
BRDA:205,24,1,1
BRDA:222,25,0,1
BRDA:222,25,1,1
BRDA:234,26,0,0
BRDA:242,27,0,3
BRDA:242,27,1,17
BRDA:251,28,0,2
BRDA:251,28,1,2
BRDA:269,29,0,19
BRDA:269,29,1,41323
BRDA:285,30,0,4
BRDA:285,30,1,0
BRDA:306,31,0,2
BRDA:306,31,1,2
BRDA:310,32,0,1
BRDA:310,32,1,1
BRF:64
BRH:47
end_of_record
TN:
SF:src\utils\errors.js
FN:2,(anonymous_0)
FN:12,(anonymous_1)
FN:20,(anonymous_2)
FN:30,(anonymous_3)
FN:37,(anonymous_4)
FN:44,(anonymous_5)
FN:51,(anonymous_6)
FN:58,(anonymous_7)
FN:65,(anonymous_8)
FN:72,isGameError
FN:76,createGameError
FNF:11
FNH:0
FNDA:0,(anonymous_0)
FNDA:0,(anonymous_1)
FNDA:0,(anonymous_2)
FNDA:0,(anonymous_3)
FNDA:0,(anonymous_4)
FNDA:0,(anonymous_5)
FNDA:0,(anonymous_6)
FNDA:0,(anonymous_7)
FNDA:0,(anonymous_8)
FNDA:0,isGameError
FNDA:0,createGameError
DA:3,0
DA:4,0
DA:5,0
DA:6,0
DA:7,0
DA:13,0
DA:14,0
DA:15,0
DA:21,0
DA:22,0
DA:23,0
DA:24,0
DA:25,0
DA:31,0
DA:32,0
DA:38,0
DA:39,0
DA:45,0
DA:46,0
DA:52,0
DA:53,0
DA:59,0
DA:60,0
DA:66,0
DA:67,0
DA:68,0
DA:73,0
DA:77,0
DA:78,0
DA:81,0
DA:82,0
DA:85,0
DA:86,0
DA:89,0
DA:96,0
LF:35
LH:0
BRDA:2,0,0,0
BRDA:12,1,0,0
BRDA:21,2,0,0
BRDA:21,2,1,0
BRDA:30,3,0,0
BRDA:44,4,0,0
BRDA:65,5,0,0
BRDA:77,6,0,0
BRDA:77,6,1,0
BRDA:81,7,0,0
BRDA:81,7,1,0
BRDA:85,8,0,0
BRDA:85,8,1,0
BRF:13
BRH:0
end_of_record
TN:
SF:src\utils\logger.js
FN:6,(anonymous_0)
FNF:1
FNH:0
FNDA:0,(anonymous_0)
DA:1,8
DA:2,8
DA:4,8
DA:6,8
DA:7,0
DA:8,0
DA:9,0
DA:11,0
DA:14,8
DA:50,8
DA:51,8
DA:54,8
LF:12
LH:8
BRDA:4,0,0,8
BRDA:4,0,1,8
BRDA:8,1,0,0
BRDA:8,1,1,0
BRDA:8,2,0,0
BRDA:8,2,1,0
BRDA:15,3,0,8
BRDA:15,3,1,0
BRDA:50,4,0,8
BRDA:50,4,1,0
BRF:10
BRH:4
end_of_record
TN:
SF:src\validators\room.validator.js
FN:4,(anonymous_0)
FN:10,(anonymous_1)
FN:15,(anonymous_2)
FN:31,(anonymous_3)
FN:52,(anonymous_4)
FN:69,(anonymous_5)
FN:86,(anonymous_6)
FN:98,(anonymous_7)
FN:110,(anonymous_8)
FN:127,(anonymous_9)
FN:149,(anonymous_10)
FN:163,(anonymous_11)
FN:175,(anonymous_12)
FNF:13
FNH:13
FNDA:19,(anonymous_0)
FNDA:19,(anonymous_1)
FNDA:10,(anonymous_2)
FNDA:21,(anonymous_3)
FNDA:4,(anonymous_4)
FNDA:4,(anonymous_5)
FNDA:2,(anonymous_6)
FNDA:9,(anonymous_7)
FNDA:10,(anonymous_8)
FNDA:41269,(anonymous_9)
FNDA:3,(anonymous_10)
FNDA:1,(anonymous_11)
FNDA:4,(anonymous_12)
DA:1,3
DA:2,3
DA:4,3
DA:5,19
DA:6,19
DA:10,19
DA:14,3
DA:16,10
DA:24,10
DA:25,10
DA:26,5
DA:28,5
DA:32,21
DA:45,21
DA:46,21
DA:47,5
DA:49,16
DA:53,4
DA:62,4
DA:63,4
DA:64,1
DA:66,3
DA:70,4
DA:79,4
DA:80,4
DA:81,3
DA:83,1
DA:87,2
DA:91,2
DA:92,2
DA:93,1
DA:95,1
DA:99,9
DA:103,9
DA:104,9
DA:105,0
DA:107,9
DA:111,10
DA:120,10
DA:121,10
DA:122,1
DA:124,9
DA:128,41269
DA:142,41269
DA:143,41269
DA:144,1
DA:146,41268
DA:150,3
DA:156,3
DA:157,3
DA:158,1
DA:160,2
DA:164,1
DA:168,1
DA:169,1
DA:170,0
DA:172,1
DA:176,4
DA:181,4
DA:182,4
DA:183,1
DA:185,3
DA:189,3
LF:63
LH:61
BRDA:10,0,0,19
BRDA:10,0,1,0
BRDA:25,1,0,5
BRDA:25,1,1,5
BRDA:46,2,0,5
BRDA:46,2,1,16
BRDA:63,3,0,1
BRDA:63,3,1,3
BRDA:80,4,0,3
BRDA:80,4,1,1
BRDA:92,5,0,1
BRDA:92,5,1,1
BRDA:104,6,0,0
BRDA:104,6,1,9
BRDA:121,7,0,1
BRDA:121,7,1,9
BRDA:143,8,0,1
BRDA:143,8,1,41268
BRDA:157,9,0,1
BRDA:157,9,1,2
BRDA:169,10,0,0
BRDA:169,10,1,1
BRDA:182,11,0,1
BRDA:182,11,1,3
BRF:24
BRH:21
end_of_record
